{"/home/irvan/Documents/CODE/platinum_challange/admin-binar-rental-car/src/index.js": {"path":"/home/irvan/Documents/CODE/platinum_challange/admin-binar-rental-car/src/index.js","statementMap":{"0":{"start":{"line":10,"column":13},"end":{"line":10,"column":65}},"1":{"start":{"line":11,"column":0},"end":{"line":19,"column":2}},"2":{"start":{"line":24,"column":0},"end":{"line":24,"column":18}}},"fnMap":{},"branchMap":{},"s":{"0":0,"1":0,"2":0},"f":{},"b":{}}
,"/home/irvan/Documents/CODE/platinum_challange/admin-binar-rental-car/src/reportWebVitals.js": {"path":"/home/irvan/Documents/CODE/platinum_challange/admin-binar-rental-car/src/reportWebVitals.js","statementMap":{"0":{"start":{"line":1,"column":24},"end":{"line":11,"column":1}},"1":{"start":{"line":2,"column":2},"end":{"line":10,"column":3}},"2":{"start":{"line":3,"column":4},"end":{"line":9,"column":7}},"3":{"start":{"line":4,"column":6},"end":{"line":4,"column":26}},"4":{"start":{"line":5,"column":6},"end":{"line":5,"column":26}},"5":{"start":{"line":6,"column":6},"end":{"line":6,"column":26}},"6":{"start":{"line":7,"column":6},"end":{"line":7,"column":26}},"7":{"start":{"line":8,"column":6},"end":{"line":8,"column":27}}},"fnMap":{"0":{"name":"(anonymous_0)","decl":{"start":{"line":1,"column":24},"end":{"line":1,"column":25}},"loc":{"start":{"line":1,"column":39},"end":{"line":11,"column":1}},"line":1},"1":{"name":"(anonymous_1)","decl":{"start":{"line":3,"column":30},"end":{"line":3,"column":31}},"loc":{"start":{"line":3,"column":79},"end":{"line":9,"column":5}},"line":3}},"branchMap":{"0":{"loc":{"start":{"line":2,"column":2},"end":{"line":10,"column":3}},"type":"if","locations":[{"start":{"line":2,"column":2},"end":{"line":10,"column":3}},{"start":{},"end":{}}],"line":2},"1":{"loc":{"start":{"line":2,"column":6},"end":{"line":2,"column":52}},"type":"binary-expr","locations":[{"start":{"line":2,"column":6},"end":{"line":2,"column":17}},{"start":{"line":2,"column":21},"end":{"line":2,"column":52}}],"line":2}},"s":{"0":0,"1":0,"2":0,"3":0,"4":0,"5":0,"6":0,"7":0},"f":{"0":0,"1":0},"b":{"0":[0,0],"1":[0,0]}}
,"/home/irvan/Documents/CODE/platinum_challange/admin-binar-rental-car/src/store.js": {"path":"/home/irvan/Documents/CODE/platinum_challange/admin-binar-rental-car/src/store.js","statementMap":{"0":{"start":{"line":7,"column":14},"end":{"line":17,"column":2}},"1":{"start":{"line":14,"column":40},"end":{"line":16,"column":4}}},"fnMap":{"0":{"name":"(anonymous_0)","decl":{"start":{"line":14,"column":14},"end":{"line":14,"column":15}},"loc":{"start":{"line":14,"column":40},"end":{"line":16,"column":4}},"line":14}},"branchMap":{},"s":{"0":2,"1":2},"f":{"0":2},"b":{},"_coverageSchema":"1a1c01bbd47fc00a2c39e90264f33305004495a9","hash":"95f424b771642a5495d65b2eb9d5c058f42d0f30"}
,"/home/irvan/Documents/CODE/platinum_challange/admin-binar-rental-car/src/components/layout/SideBar.js": {"path":"/home/irvan/Documents/CODE/platinum_challange/admin-binar-rental-car/src/components/layout/SideBar.js","statementMap":{"0":{"start":{"line":15,"column":16},"end":{"line":204,"column":1}},"1":{"start":{"line":16,"column":46},"end":{"line":16,"column":61}},"2":{"start":{"line":17,"column":50},"end":{"line":17,"column":65}},"3":{"start":{"line":18,"column":58},"end":{"line":18,"column":73}},"4":{"start":{"line":19,"column":38},"end":{"line":19,"column":50}},"5":{"start":{"line":21,"column":26},"end":{"line":23,"column":3}},"6":{"start":{"line":22,"column":4},"end":{"line":22,"column":24}},"7":{"start":{"line":25,"column":28},"end":{"line":41,"column":3}},"8":{"start":{"line":26,"column":4},"end":{"line":30,"column":5}},"9":{"start":{"line":27,"column":6},"end":{"line":27,"column":41}},"10":{"start":{"line":28,"column":6},"end":{"line":28,"column":33}},"11":{"start":{"line":29,"column":6},"end":{"line":29,"column":36}},"12":{"start":{"line":31,"column":4},"end":{"line":35,"column":5}},"13":{"start":{"line":32,"column":6},"end":{"line":32,"column":53}},"14":{"start":{"line":33,"column":6},"end":{"line":33,"column":31}},"15":{"start":{"line":34,"column":6},"end":{"line":34,"column":32}},"16":{"start":{"line":36,"column":4},"end":{"line":40,"column":5}},"17":{"start":{"line":37,"column":6},"end":{"line":37,"column":45}},"18":{"start":{"line":38,"column":6},"end":{"line":38,"column":31}},"19":{"start":{"line":39,"column":6},"end":{"line":39,"column":36}},"20":{"start":{"line":43,"column":33},"end":{"line":47,"column":3}},"21":{"start":{"line":44,"column":4},"end":{"line":44,"column":39}},"22":{"start":{"line":45,"column":4},"end":{"line":45,"column":31}},"23":{"start":{"line":46,"column":4},"end":{"line":46,"column":34}},"24":{"start":{"line":49,"column":35},"end":{"line":53,"column":3}},"25":{"start":{"line":50,"column":4},"end":{"line":50,"column":43}},"26":{"start":{"line":51,"column":4},"end":{"line":51,"column":29}},"27":{"start":{"line":52,"column":4},"end":{"line":52,"column":34}},"28":{"start":{"line":54,"column":39},"end":{"line":58,"column":3}},"29":{"start":{"line":55,"column":4},"end":{"line":55,"column":51}},"30":{"start":{"line":56,"column":4},"end":{"line":56,"column":29}},"31":{"start":{"line":57,"column":4},"end":{"line":57,"column":30}},"32":{"start":{"line":61,"column":20},"end":{"line":61,"column":41}},"33":{"start":{"line":62,"column":26},"end":{"line":62,"column":38}},"34":{"start":{"line":63,"column":16},"end":{"line":63,"column":29}},"35":{"start":{"line":65,"column":19},"end":{"line":65,"column":32}},"36":{"start":{"line":67,"column":21},"end":{"line":76,"column":3}},"37":{"start":{"line":68,"column":20},"end":{"line":68,"column":38}},"38":{"start":{"line":70,"column":4},"end":{"line":75,"column":5}},"39":{"start":{"line":71,"column":23},"end":{"line":71,"column":50}},"40":{"start":{"line":72,"column":6},"end":{"line":72,"column":22}},"41":{"start":{"line":74,"column":6},"end":{"line":74,"column":43}},"42":{"start":{"line":78,"column":2},"end":{"line":84,"column":8}},"43":{"start":{"line":80,"column":4},"end":{"line":83,"column":5}},"44":{"start":{"line":81,"column":26},"end":{"line":81,"column":42}},"45":{"start":{"line":82,"column":6},"end":{"line":82,"column":44}},"46":{"start":{"line":86,"column":24},"end":{"line":89,"column":3}},"47":{"start":{"line":87,"column":4},"end":{"line":87,"column":42}},"48":{"start":{"line":88,"column":4},"end":{"line":88,"column":17}},"49":{"start":{"line":90,"column":2},"end":{"line":203,"column":4}},"50":{"start":{"line":150,"column":110},"end":{"line":150,"column":134}},"51":{"start":{"line":170,"column":115},"end":{"line":170,"column":142}},"52":{"start":{"line":188,"column":116},"end":{"line":188,"column":144}}},"fnMap":{"0":{"name":"(anonymous_0)","decl":{"start":{"line":15,"column":16},"end":{"line":15,"column":17}},"loc":{"start":{"line":15,"column":34},"end":{"line":204,"column":1}},"line":15},"1":{"name":"(anonymous_1)","decl":{"start":{"line":21,"column":26},"end":{"line":21,"column":27}},"loc":{"start":{"line":21,"column":36},"end":{"line":23,"column":3}},"line":21},"2":{"name":"(anonymous_2)","decl":{"start":{"line":25,"column":28},"end":{"line":25,"column":29}},"loc":{"start":{"line":25,"column":34},"end":{"line":41,"column":3}},"line":25},"3":{"name":"(anonymous_3)","decl":{"start":{"line":43,"column":33},"end":{"line":43,"column":34}},"loc":{"start":{"line":43,"column":39},"end":{"line":47,"column":3}},"line":43},"4":{"name":"(anonymous_4)","decl":{"start":{"line":49,"column":35},"end":{"line":49,"column":36}},"loc":{"start":{"line":49,"column":41},"end":{"line":53,"column":3}},"line":49},"5":{"name":"(anonymous_5)","decl":{"start":{"line":54,"column":39},"end":{"line":54,"column":40}},"loc":{"start":{"line":54,"column":45},"end":{"line":58,"column":3}},"line":54},"6":{"name":"(anonymous_6)","decl":{"start":{"line":67,"column":21},"end":{"line":67,"column":22}},"loc":{"start":{"line":67,"column":32},"end":{"line":76,"column":3}},"line":67},"7":{"name":"(anonymous_7)","decl":{"start":{"line":78,"column":12},"end":{"line":78,"column":13}},"loc":{"start":{"line":78,"column":18},"end":{"line":84,"column":3}},"line":78},"8":{"name":"(anonymous_8)","decl":{"start":{"line":86,"column":24},"end":{"line":86,"column":25}},"loc":{"start":{"line":86,"column":30},"end":{"line":89,"column":3}},"line":86},"9":{"name":"(anonymous_9)","decl":{"start":{"line":150,"column":104},"end":{"line":150,"column":105}},"loc":{"start":{"line":150,"column":110},"end":{"line":150,"column":134}},"line":150},"10":{"name":"(anonymous_10)","decl":{"start":{"line":170,"column":109},"end":{"line":170,"column":110}},"loc":{"start":{"line":170,"column":115},"end":{"line":170,"column":142}},"line":170},"11":{"name":"(anonymous_11)","decl":{"start":{"line":188,"column":110},"end":{"line":188,"column":111}},"loc":{"start":{"line":188,"column":116},"end":{"line":188,"column":144}},"line":188}},"branchMap":{"0":{"loc":{"start":{"line":26,"column":4},"end":{"line":30,"column":5}},"type":"if","locations":[{"start":{"line":26,"column":4},"end":{"line":30,"column":5}},{"start":{},"end":{}}],"line":26},"1":{"loc":{"start":{"line":31,"column":4},"end":{"line":35,"column":5}},"type":"if","locations":[{"start":{"line":31,"column":4},"end":{"line":35,"column":5}},{"start":{},"end":{}}],"line":31},"2":{"loc":{"start":{"line":36,"column":4},"end":{"line":40,"column":5}},"type":"if","locations":[{"start":{"line":36,"column":4},"end":{"line":40,"column":5}},{"start":{},"end":{}}],"line":36},"3":{"loc":{"start":{"line":70,"column":4},"end":{"line":75,"column":5}},"type":"if","locations":[{"start":{"line":70,"column":4},"end":{"line":75,"column":5}},{"start":{"line":73,"column":11},"end":{"line":75,"column":5}}],"line":70},"4":{"loc":{"start":{"line":80,"column":4},"end":{"line":83,"column":5}},"type":"if","locations":[{"start":{"line":80,"column":4},"end":{"line":83,"column":5}},{"start":{},"end":{}}],"line":80},"5":{"loc":{"start":{"line":143,"column":11},"end":{"line":198,"column":17}},"type":"cond-expr","locations":[{"start":{"line":144,"column":12},"end":{"line":160,"column":15}},{"start":{"line":162,"column":14},"end":{"line":198,"column":17}}],"line":143},"6":{"loc":{"start":{"line":145,"column":81},"end":{"line":145,"column":116}},"type":"cond-expr","locations":[{"start":{"line":145,"column":100},"end":{"line":145,"column":107}},{"start":{"line":145,"column":110},"end":{"line":145,"column":116}}],"line":145},"7":{"loc":{"start":{"line":145,"column":125},"end":{"line":145,"column":160}},"type":"cond-expr","locations":[{"start":{"line":145,"column":144},"end":{"line":145,"column":151}},{"start":{"line":145,"column":154},"end":{"line":145,"column":160}}],"line":145},"8":{"loc":{"start":{"line":150,"column":53},"end":{"line":150,"column":91}},"type":"cond-expr","locations":[{"start":{"line":150,"column":78},"end":{"line":150,"column":86}},{"start":{"line":150,"column":89},"end":{"line":150,"column":91}}],"line":150},"9":{"loc":{"start":{"line":157,"column":34},"end":{"line":157,"column":91}},"type":"cond-expr","locations":[{"start":{"line":157,"column":53},"end":{"line":157,"column":70}},{"start":{"line":157,"column":73},"end":{"line":157,"column":91}}],"line":157},"10":{"loc":{"start":{"line":162,"column":14},"end":{"line":198,"column":17}},"type":"cond-expr","locations":[{"start":{"line":164,"column":14},"end":{"line":180,"column":17}},{"start":{"line":182,"column":14},"end":{"line":198,"column":17}}],"line":162},"11":{"loc":{"start":{"line":165,"column":83},"end":{"line":165,"column":116}},"type":"cond-expr","locations":[{"start":{"line":165,"column":100},"end":{"line":165,"column":107}},{"start":{"line":165,"column":110},"end":{"line":165,"column":116}}],"line":165},"12":{"loc":{"start":{"line":165,"column":125},"end":{"line":165,"column":158}},"type":"cond-expr","locations":[{"start":{"line":165,"column":142},"end":{"line":165,"column":149}},{"start":{"line":165,"column":152},"end":{"line":165,"column":158}}],"line":165},"13":{"loc":{"start":{"line":170,"column":55},"end":{"line":170,"column":96}},"type":"cond-expr","locations":[{"start":{"line":170,"column":83},"end":{"line":170,"column":91}},{"start":{"line":170,"column":94},"end":{"line":170,"column":96}}],"line":170},"14":{"loc":{"start":{"line":177,"column":36},"end":{"line":177,"column":91}},"type":"cond-expr","locations":[{"start":{"line":177,"column":53},"end":{"line":177,"column":70}},{"start":{"line":177,"column":73},"end":{"line":177,"column":91}}],"line":177},"15":{"loc":{"start":{"line":183,"column":83},"end":{"line":183,"column":122}},"type":"cond-expr","locations":[{"start":{"line":183,"column":106},"end":{"line":183,"column":113}},{"start":{"line":183,"column":116},"end":{"line":183,"column":122}}],"line":183},"16":{"loc":{"start":{"line":183,"column":131},"end":{"line":183,"column":170}},"type":"cond-expr","locations":[{"start":{"line":183,"column":154},"end":{"line":183,"column":161}},{"start":{"line":183,"column":164},"end":{"line":183,"column":170}}],"line":183},"17":{"loc":{"start":{"line":188,"column":55},"end":{"line":188,"column":97}},"type":"cond-expr","locations":[{"start":{"line":188,"column":84},"end":{"line":188,"column":92}},{"start":{"line":188,"column":95},"end":{"line":188,"column":97}}],"line":188},"18":{"loc":{"start":{"line":195,"column":36},"end":{"line":195,"column":97}},"type":"cond-expr","locations":[{"start":{"line":195,"column":59},"end":{"line":195,"column":76}},{"start":{"line":195,"column":79},"end":{"line":195,"column":97}}],"line":195}},"s":{"0":4,"1":2,"2":2,"3":2,"4":2,"5":2,"6":0,"7":2,"8":0,"9":0,"10":0,"11":0,"12":0,"13":0,"14":0,"15":0,"16":0,"17":0,"18":0,"19":0,"20":2,"21":0,"22":0,"23":0,"24":2,"25":0,"26":0,"27":0,"28":2,"29":0,"30":0,"31":0,"32":2,"33":2,"34":2,"35":2,"36":2,"37":0,"38":0,"39":0,"40":0,"41":0,"42":2,"43":2,"44":0,"45":0,"46":2,"47":0,"48":0,"49":2,"50":0,"51":0,"52":0},"f":{"0":2,"1":0,"2":0,"3":0,"4":0,"5":0,"6":0,"7":2,"8":0,"9":0,"10":0,"11":0},"b":{"0":[0,0],"1":[0,0],"2":[0,0],"3":[0,0],"4":[0,2],"5":[0,2],"6":[0,0],"7":[0,0],"8":[0,0],"9":[0,0],"10":[0,2],"11":[0,0],"12":[0,0],"13":[0,0],"14":[0,0],"15":[0,2],"16":[0,2],"17":[0,2],"18":[0,2]},"_coverageSchema":"1a1c01bbd47fc00a2c39e90264f33305004495a9","hash":"a17062a45f54d63d54a884b86f34d69d7e43a721"}
,"/home/irvan/Documents/CODE/platinum_challange/admin-binar-rental-car/src/components/pagenotfound/PageNotFound.js": {"path":"/home/irvan/Documents/CODE/platinum_challange/admin-binar-rental-car/src/components/pagenotfound/PageNotFound.js","statementMap":{"0":{"start":{"line":4,"column":2},"end":{"line":6,"column":3}}},"fnMap":{"0":{"name":"PageNotFound","decl":{"start":{"line":3,"column":24},"end":{"line":3,"column":36}},"loc":{"start":{"line":3,"column":39},"end":{"line":7,"column":1}},"line":3}},"branchMap":{},"s":{"0":0},"f":{"0":0},"b":{}}
,"/home/irvan/Documents/CODE/platinum_challange/admin-binar-rental-car/src/components/ui/ImageWithLoading.js": {"path":"/home/irvan/Documents/CODE/platinum_challange/admin-binar-rental-car/src/components/ui/ImageWithLoading.js","statementMap":{"0":{"start":{"line":4,"column":32},"end":{"line":4,"column":46}},"1":{"start":{"line":6,"column":28},"end":{"line":8,"column":3}},"2":{"start":{"line":7,"column":4},"end":{"line":7,"column":22}},"3":{"start":{"line":10,"column":27},"end":{"line":12,"column":3}},"4":{"start":{"line":11,"column":4},"end":{"line":11,"column":22}},"5":{"start":{"line":14,"column":2},"end":{"line":19,"column":4}}},"fnMap":{"0":{"name":"ImageWithLoading","decl":{"start":{"line":3,"column":9},"end":{"line":3,"column":25}},"loc":{"start":{"line":3,"column":40},"end":{"line":20,"column":1}},"line":3},"1":{"name":"(anonymous_1)","decl":{"start":{"line":6,"column":28},"end":{"line":6,"column":29}},"loc":{"start":{"line":6,"column":34},"end":{"line":8,"column":3}},"line":6},"2":{"name":"(anonymous_2)","decl":{"start":{"line":10,"column":27},"end":{"line":10,"column":28}},"loc":{"start":{"line":10,"column":33},"end":{"line":12,"column":3}},"line":10}},"branchMap":{"0":{"loc":{"start":{"line":16,"column":7},"end":{"line":16,"column":139}},"type":"binary-expr","locations":[{"start":{"line":16,"column":7},"end":{"line":16,"column":14}},{"start":{"line":16,"column":18},"end":{"line":16,"column":139}}],"line":16},"1":{"loc":{"start":{"line":17,"column":103},"end":{"line":17,"column":120}},"type":"cond-expr","locations":[{"start":{"line":17,"column":113},"end":{"line":17,"column":116}},{"start":{"line":17,"column":119},"end":{"line":17,"column":120}}],"line":17}},"s":{"0":2,"1":2,"2":0,"3":2,"4":0,"5":2},"f":{"0":2,"1":0,"2":0},"b":{"0":[2,2],"1":[2,0]},"_coverageSchema":"1a1c01bbd47fc00a2c39e90264f33305004495a9","hash":"811c7c550060d368826900da411d37f3a6eee4dc"}
,"/home/irvan/Documents/CODE/platinum_challange/admin-binar-rental-car/src/components/ui/LoadingSpiner.js": {"path":"/home/irvan/Documents/CODE/platinum_challange/admin-binar-rental-car/src/components/ui/LoadingSpiner.js","statementMap":{"0":{"start":{"line":4,"column":22},"end":{"line":13,"column":1}},"1":{"start":{"line":5,"column":2},"end":{"line":12,"column":3}}},"fnMap":{"0":{"name":"(anonymous_0)","decl":{"start":{"line":4,"column":22},"end":{"line":4,"column":23}},"loc":{"start":{"line":4,"column":28},"end":{"line":13,"column":1}},"line":4}},"branchMap":{},"s":{"0":1,"1":0},"f":{"0":0},"b":{},"_coverageSchema":"1a1c01bbd47fc00a2c39e90264f33305004495a9","hash":"4bca05a9b5ad4d8de53cd9e743900ed12f46fa5f"}
,"/home/irvan/Documents/CODE/platinum_challange/admin-binar-rental-car/src/components/ui/customePagination.js": {"path":"/home/irvan/Documents/CODE/platinum_challange/admin-binar-rental-car/src/components/ui/customePagination.js","statementMap":{"0":{"start":{"line":3,"column":26},"end":{"line":40,"column":1}},"1":{"start":{"line":4,"column":40},"end":{"line":4,"column":51}},"2":{"start":{"line":5,"column":34},"end":{"line":5,"column":46}},"3":{"start":{"line":6,"column":21},"end":{"line":6,"column":58}},"4":{"start":{"line":8,"column":2},"end":{"line":12,"column":40}},"5":{"start":{"line":9,"column":23},"end":{"line":9,"column":55}},"6":{"start":{"line":10,"column":21},"end":{"line":10,"column":46}},"7":{"start":{"line":11,"column":4},"end":{"line":11,"column":50}},"8":{"start":{"line":14,"column":27},"end":{"line":16,"column":3}},"9":{"start":{"line":15,"column":4},"end":{"line":15,"column":31}},"10":{"start":{"line":18,"column":2},"end":{"line":39,"column":4}},"11":{"start":{"line":22,"column":8},"end":{"line":22,"column":44}},"12":{"start":{"line":26,"column":58},"end":{"line":26,"column":67}},"13":{"start":{"line":28,"column":12},"end":{"line":34,"column":21}},"14":{"start":{"line":30,"column":29},"end":{"line":30,"column":57}}},"fnMap":{"0":{"name":"(anonymous_0)","decl":{"start":{"line":3,"column":26},"end":{"line":3,"column":27}},"loc":{"start":{"line":3,"column":54},"end":{"line":40,"column":1}},"line":3},"1":{"name":"(anonymous_1)","decl":{"start":{"line":8,"column":12},"end":{"line":8,"column":13}},"loc":{"start":{"line":8,"column":18},"end":{"line":12,"column":3}},"line":8},"2":{"name":"(anonymous_2)","decl":{"start":{"line":14,"column":27},"end":{"line":14,"column":28}},"loc":{"start":{"line":14,"column":43},"end":{"line":16,"column":3}},"line":14},"3":{"name":"(anonymous_3)","decl":{"start":{"line":21,"column":20},"end":{"line":21,"column":21}},"loc":{"start":{"line":22,"column":8},"end":{"line":22,"column":44}},"line":22},"4":{"name":"(anonymous_4)","decl":{"start":{"line":26,"column":44},"end":{"line":26,"column":45}},"loc":{"start":{"line":26,"column":58},"end":{"line":26,"column":67}},"line":26},"5":{"name":"(anonymous_5)","decl":{"start":{"line":27,"column":10},"end":{"line":27,"column":11}},"loc":{"start":{"line":28,"column":12},"end":{"line":34,"column":21}},"line":28},"6":{"name":"(anonymous_6)","decl":{"start":{"line":30,"column":23},"end":{"line":30,"column":24}},"loc":{"start":{"line":30,"column":29},"end":{"line":30,"column":57}},"line":30}},"branchMap":{},"s":{"0":0,"1":0,"2":0,"3":0,"4":0,"5":0,"6":0,"7":0,"8":0,"9":0,"10":0,"11":0,"12":0,"13":0,"14":0},"f":{"0":0,"1":0,"2":0,"3":0,"4":0,"5":0,"6":0},"b":{}}
,"/home/irvan/Documents/CODE/platinum_challange/admin-binar-rental-car/src/config/index.js": {"path":"/home/irvan/Documents/CODE/platinum_challange/admin-binar-rental-car/src/config/index.js","statementMap":{"0":{"start":{"line":1,"column":15},"end":{"line":7,"column":3}}},"fnMap":{},"branchMap":{},"s":{"0":7},"f":{},"b":{},"_coverageSchema":"1a1c01bbd47fc00a2c39e90264f33305004495a9","hash":"5be3b509546ae8a2da5866c6feea3f80114e08a8"}
,"/home/irvan/Documents/CODE/platinum_challange/admin-binar-rental-car/src/features/authSlice.js": {"path":"/home/irvan/Documents/CODE/platinum_challange/admin-binar-rental-car/src/features/authSlice.js","statementMap":{"0":{"start":{"line":5,"column":21},"end":{"line":19,"column":1}},"1":{"start":{"line":8,"column":4},"end":{"line":17,"column":5}},"2":{"start":{"line":9,"column":21},"end":{"line":9,"column":38}},"3":{"start":{"line":10,"column":23},"end":{"line":10,"column":77}},"4":{"start":{"line":11,"column":6},"end":{"line":11,"column":27}},"5":{"start":{"line":13,"column":6},"end":{"line":15,"column":7}},"6":{"start":{"line":14,"column":8},"end":{"line":14,"column":18}},"7":{"start":{"line":16,"column":6},"end":{"line":16,"column":48}},"8":{"start":{"line":21,"column":18},"end":{"line":45,"column":2}},"9":{"start":{"line":30,"column":4},"end":{"line":43,"column":9}},"10":{"start":{"line":32,"column":8},"end":{"line":32,"column":34}},"11":{"start":{"line":33,"column":8},"end":{"line":33,"column":34}},"12":{"start":{"line":36,"column":8},"end":{"line":36,"column":36}},"13":{"start":{"line":37,"column":8},"end":{"line":37,"column":36}},"14":{"start":{"line":38,"column":8},"end":{"line":38,"column":34}},"15":{"start":{"line":41,"column":8},"end":{"line":41,"column":35}},"16":{"start":{"line":42,"column":8},"end":{"line":42,"column":44}},"17":{"start":{"line":47,"column":28},"end":{"line":51,"column":1}},"18":{"start":{"line":48,"column":26},"end":{"line":48,"column":41}},"19":{"start":{"line":49,"column":22},"end":{"line":49,"column":40}},"20":{"start":{"line":50,"column":27},"end":{"line":50,"column":50}}},"fnMap":{"0":{"name":"(anonymous_0)","decl":{"start":{"line":7,"column":2},"end":{"line":7,"column":3}},"loc":{"start":{"line":7,"column":46},"end":{"line":18,"column":3}},"line":7},"1":{"name":"(anonymous_1)","decl":{"start":{"line":29,"column":17},"end":{"line":29,"column":18}},"loc":{"start":{"line":29,"column":30},"end":{"line":44,"column":3}},"line":29},"2":{"name":"(anonymous_2)","decl":{"start":{"line":31,"column":30},"end":{"line":31,"column":31}},"loc":{"start":{"line":31,"column":41},"end":{"line":34,"column":7}},"line":31},"3":{"name":"(anonymous_3)","decl":{"start":{"line":35,"column":32},"end":{"line":35,"column":33}},"loc":{"start":{"line":35,"column":51},"end":{"line":39,"column":7}},"line":35},"4":{"name":"(anonymous_4)","decl":{"start":{"line":40,"column":31},"end":{"line":40,"column":32}},"loc":{"start":{"line":40,"column":50},"end":{"line":43,"column":7}},"line":40},"5":{"name":"(anonymous_5)","decl":{"start":{"line":48,"column":15},"end":{"line":48,"column":16}},"loc":{"start":{"line":48,"column":26},"end":{"line":48,"column":41}},"line":48},"6":{"name":"(anonymous_6)","decl":{"start":{"line":49,"column":11},"end":{"line":49,"column":12}},"loc":{"start":{"line":49,"column":22},"end":{"line":49,"column":40}},"line":49},"7":{"name":"(anonymous_7)","decl":{"start":{"line":50,"column":16},"end":{"line":50,"column":17}},"loc":{"start":{"line":50,"column":27},"end":{"line":50,"column":50}},"line":50}},"branchMap":{"0":{"loc":{"start":{"line":7,"column":9},"end":{"line":7,"column":20}},"type":"default-arg","locations":[{"start":{"line":7,"column":18},"end":{"line":7,"column":20}}],"line":7},"1":{"loc":{"start":{"line":13,"column":6},"end":{"line":15,"column":7}},"type":"if","locations":[{"start":{"line":13,"column":6},"end":{"line":15,"column":7}},{"start":{},"end":{}}],"line":13}},"s":{"0":2,"1":0,"2":0,"3":0,"4":0,"5":0,"6":0,"7":0,"8":2,"9":2,"10":0,"11":0,"12":0,"13":0,"14":0,"15":0,"16":0,"17":2,"18":0,"19":0,"20":0},"f":{"0":0,"1":2,"2":0,"3":0,"4":0,"5":0,"6":0,"7":0},"b":{"0":[0],"1":[0,0]},"_coverageSchema":"1a1c01bbd47fc00a2c39e90264f33305004495a9","hash":"47ece40d20d70b0a69606c68ac29e31fadc81011"}
,"/home/irvan/Documents/CODE/platinum_challange/admin-binar-rental-car/src/features/carSlice.js": {"path":"/home/irvan/Documents/CODE/platinum_challange/admin-binar-rental-car/src/features/carSlice.js","statementMap":{"0":{"start":{"line":5,"column":31},"end":{"line":28,"column":1}},"1":{"start":{"line":8,"column":18},"end":{"line":11,"column":21}},"2":{"start":{"line":10,"column":21},"end":{"line":10,"column":45}},"3":{"start":{"line":13,"column":19},"end":{"line":13,"column":36}},"4":{"start":{"line":15,"column":4},"end":{"line":26,"column":5}},"5":{"start":{"line":16,"column":23},"end":{"line":21,"column":8}},"6":{"start":{"line":22,"column":6},"end":{"line":22,"column":27}},"7":{"start":{"line":24,"column":6},"end":{"line":24,"column":25}},"8":{"start":{"line":25,"column":6},"end":{"line":25,"column":18}},"9":{"start":{"line":30,"column":31},"end":{"line":48,"column":2}},"10":{"start":{"line":31,"column":16},"end":{"line":34,"column":19}},"11":{"start":{"line":33,"column":19},"end":{"line":33,"column":43}},"12":{"start":{"line":36,"column":17},"end":{"line":36,"column":34}},"13":{"start":{"line":37,"column":2},"end":{"line":47,"column":3}},"14":{"start":{"line":38,"column":21},"end":{"line":42,"column":6}},"15":{"start":{"line":43,"column":4},"end":{"line":43,"column":25}},"16":{"start":{"line":45,"column":4},"end":{"line":45,"column":23}},"17":{"start":{"line":46,"column":4},"end":{"line":46,"column":16}},"18":{"start":{"line":50,"column":27},"end":{"line":74,"column":1}},"19":{"start":{"line":53,"column":19},"end":{"line":53,"column":36}},"20":{"start":{"line":54,"column":18},"end":{"line":57,"column":21}},"21":{"start":{"line":56,"column":21},"end":{"line":56,"column":45}},"22":{"start":{"line":58,"column":4},"end":{"line":72,"column":5}},"23":{"start":{"line":59,"column":23},"end":{"line":64,"column":8}},"24":{"start":{"line":66,"column":6},"end":{"line":66,"column":27}},"25":{"start":{"line":68,"column":6},"end":{"line":70,"column":7}},"26":{"start":{"line":69,"column":8},"end":{"line":69,"column":18}},"27":{"start":{"line":71,"column":6},"end":{"line":71,"column":48}},"28":{"start":{"line":76,"column":30},"end":{"line":100,"column":1}},"29":{"start":{"line":79,"column":19},"end":{"line":79,"column":36}},"30":{"start":{"line":80,"column":18},"end":{"line":83,"column":21}},"31":{"start":{"line":82,"column":21},"end":{"line":82,"column":45}},"32":{"start":{"line":84,"column":4},"end":{"line":98,"column":5}},"33":{"start":{"line":85,"column":23},"end":{"line":90,"column":8}},"34":{"start":{"line":92,"column":6},"end":{"line":92,"column":27}},"35":{"start":{"line":94,"column":6},"end":{"line":96,"column":7}},"36":{"start":{"line":95,"column":8},"end":{"line":95,"column":18}},"37":{"start":{"line":97,"column":6},"end":{"line":97,"column":48}},"38":{"start":{"line":102,"column":30},"end":{"line":125,"column":1}},"39":{"start":{"line":105,"column":19},"end":{"line":105,"column":36}},"40":{"start":{"line":106,"column":18},"end":{"line":109,"column":21}},"41":{"start":{"line":108,"column":21},"end":{"line":108,"column":45}},"42":{"start":{"line":110,"column":4},"end":{"line":123,"column":5}},"43":{"start":{"line":111,"column":6},"end":{"line":115,"column":9}},"44":{"start":{"line":117,"column":6},"end":{"line":117,"column":16}},"45":{"start":{"line":119,"column":6},"end":{"line":121,"column":7}},"46":{"start":{"line":120,"column":8},"end":{"line":120,"column":18}},"47":{"start":{"line":122,"column":6},"end":{"line":122,"column":48}},"48":{"start":{"line":127,"column":17},"end":{"line":175,"column":2}},"49":{"start":{"line":135,"column":4},"end":{"line":173,"column":9}},"50":{"start":{"line":137,"column":8},"end":{"line":137,"column":36}},"51":{"start":{"line":138,"column":8},"end":{"line":138,"column":30}},"52":{"start":{"line":141,"column":8},"end":{"line":141,"column":29}},"53":{"start":{"line":144,"column":8},"end":{"line":144,"column":36}},"54":{"start":{"line":147,"column":8},"end":{"line":147,"column":30}},"55":{"start":{"line":150,"column":8},"end":{"line":150,"column":36}},"56":{"start":{"line":151,"column":8},"end":{"line":151,"column":30}},"57":{"start":{"line":154,"column":8},"end":{"line":154,"column":29}},"58":{"start":{"line":157,"column":8},"end":{"line":157,"column":36}},"59":{"start":{"line":158,"column":8},"end":{"line":158,"column":30}},"60":{"start":{"line":161,"column":8},"end":{"line":161,"column":29}},"61":{"start":{"line":164,"column":29},"end":{"line":164,"column":43}},"62":{"start":{"line":165,"column":8},"end":{"line":165,"column":40}},"63":{"start":{"line":166,"column":8},"end":{"line":166,"column":30}},"64":{"start":{"line":169,"column":8},"end":{"line":169,"column":29}},"65":{"start":{"line":172,"column":8},"end":{"line":172,"column":30}},"66":{"start":{"line":176,"column":28},"end":{"line":180,"column":1}},"67":{"start":{"line":177,"column":28},"end":{"line":177,"column":42}},"68":{"start":{"line":178,"column":25},"end":{"line":178,"column":39}},"69":{"start":{"line":179,"column":22},"end":{"line":179,"column":39}}},"fnMap":{"0":{"name":"(anonymous_0)","decl":{"start":{"line":7,"column":2},"end":{"line":7,"column":3}},"loc":{"start":{"line":7,"column":25},"end":{"line":27,"column":3}},"line":7},"1":{"name":"(anonymous_1)","decl":{"start":{"line":10,"column":12},"end":{"line":10,"column":13}},"loc":{"start":{"line":10,"column":21},"end":{"line":10,"column":45}},"line":10},"2":{"name":"(anonymous_2)","decl":{"start":{"line":30,"column":62},"end":{"line":30,"column":63}},"loc":{"start":{"line":30,"column":76},"end":{"line":48,"column":1}},"line":30},"3":{"name":"(anonymous_3)","decl":{"start":{"line":33,"column":10},"end":{"line":33,"column":11}},"loc":{"start":{"line":33,"column":19},"end":{"line":33,"column":43}},"line":33},"4":{"name":"(anonymous_4)","decl":{"start":{"line":52,"column":2},"end":{"line":52,"column":3}},"loc":{"start":{"line":52,"column":46},"end":{"line":73,"column":3}},"line":52},"5":{"name":"(anonymous_5)","decl":{"start":{"line":56,"column":12},"end":{"line":56,"column":13}},"loc":{"start":{"line":56,"column":21},"end":{"line":56,"column":45}},"line":56},"6":{"name":"(anonymous_6)","decl":{"start":{"line":78,"column":2},"end":{"line":78,"column":3}},"loc":{"start":{"line":78,"column":49},"end":{"line":99,"column":3}},"line":78},"7":{"name":"(anonymous_7)","decl":{"start":{"line":82,"column":12},"end":{"line":82,"column":13}},"loc":{"start":{"line":82,"column":21},"end":{"line":82,"column":45}},"line":82},"8":{"name":"(anonymous_8)","decl":{"start":{"line":104,"column":2},"end":{"line":104,"column":3}},"loc":{"start":{"line":104,"column":37},"end":{"line":124,"column":3}},"line":104},"9":{"name":"(anonymous_9)","decl":{"start":{"line":108,"column":12},"end":{"line":108,"column":13}},"loc":{"start":{"line":108,"column":21},"end":{"line":108,"column":45}},"line":108},"10":{"name":"(anonymous_10)","decl":{"start":{"line":134,"column":17},"end":{"line":134,"column":18}},"loc":{"start":{"line":134,"column":30},"end":{"line":174,"column":3}},"line":134},"11":{"name":"(anonymous_11)","decl":{"start":{"line":136,"column":42},"end":{"line":136,"column":43}},"loc":{"start":{"line":136,"column":61},"end":{"line":139,"column":7}},"line":136},"12":{"name":"(anonymous_12)","decl":{"start":{"line":140,"column":40},"end":{"line":140,"column":41}},"loc":{"start":{"line":140,"column":59},"end":{"line":142,"column":7}},"line":140},"13":{"name":"(anonymous_13)","decl":{"start":{"line":143,"column":42},"end":{"line":143,"column":43}},"loc":{"start":{"line":143,"column":61},"end":{"line":145,"column":7}},"line":143},"14":{"name":"(anonymous_14)","decl":{"start":{"line":146,"column":40},"end":{"line":146,"column":41}},"loc":{"start":{"line":146,"column":59},"end":{"line":148,"column":7}},"line":146},"15":{"name":"(anonymous_15)","decl":{"start":{"line":149,"column":38},"end":{"line":149,"column":39}},"loc":{"start":{"line":149,"column":57},"end":{"line":152,"column":7}},"line":149},"16":{"name":"(anonymous_16)","decl":{"start":{"line":153,"column":36},"end":{"line":153,"column":37}},"loc":{"start":{"line":153,"column":55},"end":{"line":155,"column":7}},"line":153},"17":{"name":"(anonymous_17)","decl":{"start":{"line":156,"column":41},"end":{"line":156,"column":42}},"loc":{"start":{"line":156,"column":60},"end":{"line":159,"column":7}},"line":156},"18":{"name":"(anonymous_18)","decl":{"start":{"line":160,"column":39},"end":{"line":160,"column":40}},"loc":{"start":{"line":160,"column":58},"end":{"line":162,"column":7}},"line":160},"19":{"name":"(anonymous_19)","decl":{"start":{"line":163,"column":41},"end":{"line":163,"column":42}},"loc":{"start":{"line":163,"column":60},"end":{"line":167,"column":7}},"line":163},"20":{"name":"(anonymous_20)","decl":{"start":{"line":168,"column":39},"end":{"line":168,"column":40}},"loc":{"start":{"line":168,"column":58},"end":{"line":170,"column":7}},"line":168},"21":{"name":"(anonymous_21)","decl":{"start":{"line":171,"column":40},"end":{"line":171,"column":41}},"loc":{"start":{"line":171,"column":59},"end":{"line":173,"column":7}},"line":171},"22":{"name":"(anonymous_22)","decl":{"start":{"line":177,"column":17},"end":{"line":177,"column":18}},"loc":{"start":{"line":177,"column":28},"end":{"line":177,"column":42}},"line":177},"23":{"name":"(anonymous_23)","decl":{"start":{"line":178,"column":14},"end":{"line":178,"column":15}},"loc":{"start":{"line":178,"column":25},"end":{"line":178,"column":39}},"line":178},"24":{"name":"(anonymous_24)","decl":{"start":{"line":179,"column":11},"end":{"line":179,"column":12}},"loc":{"start":{"line":179,"column":22},"end":{"line":179,"column":39}},"line":179}},"branchMap":{"0":{"loc":{"start":{"line":7,"column":9},"end":{"line":7,"column":20}},"type":"default-arg","locations":[{"start":{"line":7,"column":18},"end":{"line":7,"column":20}}],"line":7},"1":{"loc":{"start":{"line":52,"column":9},"end":{"line":52,"column":20}},"type":"default-arg","locations":[{"start":{"line":52,"column":18},"end":{"line":52,"column":20}}],"line":52},"2":{"loc":{"start":{"line":68,"column":6},"end":{"line":70,"column":7}},"type":"if","locations":[{"start":{"line":68,"column":6},"end":{"line":70,"column":7}},{"start":{},"end":{}}],"line":68},"3":{"loc":{"start":{"line":94,"column":6},"end":{"line":96,"column":7}},"type":"if","locations":[{"start":{"line":94,"column":6},"end":{"line":96,"column":7}},{"start":{},"end":{}}],"line":94},"4":{"loc":{"start":{"line":119,"column":6},"end":{"line":121,"column":7}},"type":"if","locations":[{"start":{"line":119,"column":6},"end":{"line":121,"column":7}},{"start":{},"end":{}}],"line":119}},"s":{"0":6,"1":0,"2":0,"3":0,"4":0,"5":0,"6":0,"7":0,"8":0,"9":6,"10":0,"11":0,"12":0,"13":0,"14":0,"15":0,"16":0,"17":0,"18":6,"19":1,"20":1,"21":1,"22":1,"23":1,"24":0,"25":0,"26":0,"27":0,"28":6,"29":0,"30":0,"31":0,"32":0,"33":0,"34":0,"35":0,"36":0,"37":0,"38":6,"39":0,"40":0,"41":0,"42":0,"43":0,"44":0,"45":0,"46":0,"47":0,"48":6,"49":2,"50":0,"51":0,"52":0,"53":0,"54":0,"55":0,"56":0,"57":1,"58":0,"59":0,"60":0,"61":0,"62":0,"63":0,"64":0,"65":0,"66":6,"67":0,"68":0,"69":12},"f":{"0":0,"1":0,"2":0,"3":0,"4":1,"5":1,"6":0,"7":0,"8":0,"9":0,"10":2,"11":0,"12":0,"13":0,"14":0,"15":0,"16":1,"17":0,"18":0,"19":0,"20":0,"21":0,"22":0,"23":0,"24":12},"b":{"0":[0],"1":[0],"2":[0,0],"3":[0,0],"4":[0,0]},"_coverageSchema":"1a1c01bbd47fc00a2c39e90264f33305004495a9","hash":"c77a394541542cb4f934a4ee308fe4e90f1c42c3"}
,"/home/irvan/Documents/CODE/platinum_challange/admin-binar-rental-car/src/features/dropdownSlice.js": {"path":"/home/irvan/Documents/CODE/platinum_challange/admin-binar-rental-car/src/features/dropdownSlice.js","statementMap":{"0":{"start":{"line":3,"column":22},"end":{"line":13,"column":2}},"1":{"start":{"line":10,"column":6},"end":{"line":10,"column":42}},"2":{"start":{"line":15,"column":35},"end":{"line":15,"column":56}}},"fnMap":{"0":{"name":"(anonymous_0)","decl":{"start":{"line":9,"column":21},"end":{"line":9,"column":22}},"loc":{"start":{"line":9,"column":40},"end":{"line":11,"column":5}},"line":9}},"branchMap":{},"s":{"0":2,"1":0,"2":2},"f":{"0":0},"b":{},"_coverageSchema":"1a1c01bbd47fc00a2c39e90264f33305004495a9","hash":"56a52fc67ece6804936df9c7eebe08d11521a026"}
,"/home/irvan/Documents/CODE/platinum_challange/admin-binar-rental-car/src/features/orderSlice.js": {"path":"/home/irvan/Documents/CODE/platinum_challange/admin-binar-rental-car/src/features/orderSlice.js","statementMap":{"0":{"start":{"line":8,"column":33},"end":{"line":22,"column":2}},"1":{"start":{"line":10,"column":17},"end":{"line":13,"column":23}},"2":{"start":{"line":12,"column":23},"end":{"line":12,"column":47}},"3":{"start":{"line":15,"column":19},"end":{"line":15,"column":36}},"4":{"start":{"line":16,"column":21},"end":{"line":20,"column":6}},"5":{"start":{"line":21,"column":4},"end":{"line":21,"column":24}},"6":{"start":{"line":26,"column":32},"end":{"line":46,"column":2}},"7":{"start":{"line":27,"column":17},"end":{"line":30,"column":23}},"8":{"start":{"line":29,"column":23},"end":{"line":29,"column":47}},"9":{"start":{"line":32,"column":19},"end":{"line":32,"column":36}},"10":{"start":{"line":34,"column":4},"end":{"line":45,"column":5}},"11":{"start":{"line":35,"column":25},"end":{"line":40,"column":10}},"12":{"start":{"line":41,"column":8},"end":{"line":41,"column":29}},"13":{"start":{"line":43,"column":8},"end":{"line":43,"column":27}},"14":{"start":{"line":44,"column":8},"end":{"line":44,"column":20}},"15":{"start":{"line":49,"column":35},"end":{"line":69,"column":2}},"16":{"start":{"line":50,"column":17},"end":{"line":53,"column":23}},"17":{"start":{"line":52,"column":23},"end":{"line":52,"column":47}},"18":{"start":{"line":55,"column":19},"end":{"line":55,"column":36}},"19":{"start":{"line":57,"column":4},"end":{"line":68,"column":5}},"20":{"start":{"line":59,"column":7},"end":{"line":63,"column":11}},"21":{"start":{"line":64,"column":8},"end":{"line":64,"column":18}},"22":{"start":{"line":66,"column":8},"end":{"line":66,"column":27}},"23":{"start":{"line":67,"column":8},"end":{"line":67,"column":20}},"24":{"start":{"line":72,"column":32},"end":{"line":91,"column":2}},"25":{"start":{"line":73,"column":18},"end":{"line":76,"column":23}},"26":{"start":{"line":75,"column":23},"end":{"line":75,"column":47}},"27":{"start":{"line":77,"column":19},"end":{"line":77,"column":36}},"28":{"start":{"line":78,"column":4},"end":{"line":90,"column":5}},"29":{"start":{"line":79,"column":25},"end":{"line":85,"column":10}},"30":{"start":{"line":87,"column":8},"end":{"line":87,"column":28}},"31":{"start":{"line":89,"column":8},"end":{"line":89,"column":24}},"32":{"start":{"line":94,"column":19},"end":{"line":130,"column":2}},"33":{"start":{"line":105,"column":12},"end":{"line":105,"column":34}},"34":{"start":{"line":109,"column":8},"end":{"line":128,"column":14}},"35":{"start":{"line":111,"column":16},"end":{"line":111,"column":44}},"36":{"start":{"line":115,"column":16},"end":{"line":115,"column":44}},"37":{"start":{"line":119,"column":16},"end":{"line":119,"column":37}},"38":{"start":{"line":124,"column":16},"end":{"line":124,"column":43}},"39":{"start":{"line":125,"column":16},"end":{"line":125,"column":101}},"40":{"start":{"line":125,"column":79},"end":{"line":125,"column":99}},"41":{"start":{"line":126,"column":16},"end":{"line":126,"column":103}},"42":{"start":{"line":126,"column":82},"end":{"line":126,"column":101}},"43":{"start":{"line":127,"column":16},"end":{"line":127,"column":101}},"44":{"start":{"line":127,"column":81},"end":{"line":127,"column":99}},"45":{"start":{"line":131,"column":29},"end":{"line":136,"column":1}},"46":{"start":{"line":132,"column":28},"end":{"line":132,"column":44}},"47":{"start":{"line":133,"column":36},"end":{"line":133,"column":68}},"48":{"start":{"line":134,"column":38},"end":{"line":134,"column":73}},"49":{"start":{"line":135,"column":33},"end":{"line":135,"column":67}}},"fnMap":{"0":{"name":"(anonymous_0)","decl":{"start":{"line":8,"column":68},"end":{"line":8,"column":69}},"loc":{"start":{"line":8,"column":82},"end":{"line":22,"column":1}},"line":8},"1":{"name":"(anonymous_1)","decl":{"start":{"line":12,"column":14},"end":{"line":12,"column":15}},"loc":{"start":{"line":12,"column":23},"end":{"line":12,"column":47}},"line":12},"2":{"name":"(anonymous_2)","decl":{"start":{"line":26,"column":76},"end":{"line":26,"column":77}},"loc":{"start":{"line":26,"column":99},"end":{"line":46,"column":1}},"line":26},"3":{"name":"(anonymous_3)","decl":{"start":{"line":29,"column":14},"end":{"line":29,"column":15}},"loc":{"start":{"line":29,"column":23},"end":{"line":29,"column":47}},"line":29},"4":{"name":"(anonymous_4)","decl":{"start":{"line":49,"column":74},"end":{"line":49,"column":75}},"loc":{"start":{"line":49,"column":88},"end":{"line":69,"column":1}},"line":49},"5":{"name":"(anonymous_5)","decl":{"start":{"line":52,"column":14},"end":{"line":52,"column":15}},"loc":{"start":{"line":52,"column":23},"end":{"line":52,"column":47}},"line":52},"6":{"name":"(anonymous_6)","decl":{"start":{"line":72,"column":71},"end":{"line":72,"column":72}},"loc":{"start":{"line":72,"column":97},"end":{"line":91,"column":1}},"line":72},"7":{"name":"(anonymous_7)","decl":{"start":{"line":75,"column":14},"end":{"line":75,"column":15}},"loc":{"start":{"line":75,"column":23},"end":{"line":75,"column":47}},"line":75},"8":{"name":"(anonymous_8)","decl":{"start":{"line":104,"column":18},"end":{"line":104,"column":19}},"loc":{"start":{"line":104,"column":37},"end":{"line":106,"column":9}},"line":104},"9":{"name":"(anonymous_9)","decl":{"start":{"line":108,"column":19},"end":{"line":108,"column":20}},"loc":{"start":{"line":108,"column":32},"end":{"line":129,"column":5}},"line":108},"10":{"name":"(anonymous_10)","decl":{"start":{"line":110,"column":50},"end":{"line":110,"column":51}},"loc":{"start":{"line":110,"column":69},"end":{"line":113,"column":13}},"line":110},"11":{"name":"(anonymous_11)","decl":{"start":{"line":114,"column":49},"end":{"line":114,"column":50}},"loc":{"start":{"line":114,"column":68},"end":{"line":117,"column":13}},"line":114},"12":{"name":"(anonymous_12)","decl":{"start":{"line":118,"column":47},"end":{"line":118,"column":48}},"loc":{"start":{"line":118,"column":66},"end":{"line":121,"column":13}},"line":118},"13":{"name":"(anonymous_13)","decl":{"start":{"line":123,"column":49},"end":{"line":123,"column":50}},"loc":{"start":{"line":123,"column":68},"end":{"line":128,"column":13}},"line":123},"14":{"name":"(anonymous_14)","decl":{"start":{"line":125,"column":74},"end":{"line":125,"column":75}},"loc":{"start":{"line":125,"column":79},"end":{"line":125,"column":99}},"line":125},"15":{"name":"(anonymous_15)","decl":{"start":{"line":126,"column":77},"end":{"line":126,"column":78}},"loc":{"start":{"line":126,"column":82},"end":{"line":126,"column":101}},"line":126},"16":{"name":"(anonymous_16)","decl":{"start":{"line":127,"column":76},"end":{"line":127,"column":77}},"loc":{"start":{"line":127,"column":81},"end":{"line":127,"column":99}},"line":127},"17":{"name":"(anonymous_17)","decl":{"start":{"line":132,"column":17},"end":{"line":132,"column":18}},"loc":{"start":{"line":132,"column":28},"end":{"line":132,"column":44}},"line":132},"18":{"name":"(anonymous_18)","decl":{"start":{"line":133,"column":25},"end":{"line":133,"column":26}},"loc":{"start":{"line":133,"column":36},"end":{"line":133,"column":68}},"line":133},"19":{"name":"(anonymous_19)","decl":{"start":{"line":134,"column":27},"end":{"line":134,"column":28}},"loc":{"start":{"line":134,"column":38},"end":{"line":134,"column":73}},"line":134},"20":{"name":"(anonymous_20)","decl":{"start":{"line":135,"column":22},"end":{"line":135,"column":23}},"loc":{"start":{"line":135,"column":33},"end":{"line":135,"column":67}},"line":135}},"branchMap":{"0":{"loc":{"start":{"line":26,"column":83},"end":{"line":26,"column":94}},"type":"default-arg","locations":[{"start":{"line":26,"column":92},"end":{"line":26,"column":94}}],"line":26},"1":{"loc":{"start":{"line":125,"column":79},"end":{"line":125,"column":99}},"type":"binary-expr","locations":[{"start":{"line":125,"column":79},"end":{"line":125,"column":88}},{"start":{"line":125,"column":92},"end":{"line":125,"column":99}}],"line":125},"2":{"loc":{"start":{"line":126,"column":82},"end":{"line":126,"column":101}},"type":"binary-expr","locations":[{"start":{"line":126,"column":82},"end":{"line":126,"column":91}},{"start":{"line":126,"column":95},"end":{"line":126,"column":101}}],"line":126},"3":{"loc":{"start":{"line":127,"column":81},"end":{"line":127,"column":99}},"type":"binary-expr","locations":[{"start":{"line":127,"column":81},"end":{"line":127,"column":89}},{"start":{"line":127,"column":93},"end":{"line":127,"column":99}}],"line":127}},"s":{"0":2,"1":0,"2":0,"3":0,"4":0,"5":0,"6":2,"7":0,"8":0,"9":0,"10":0,"11":0,"12":0,"13":0,"14":0,"15":2,"16":0,"17":0,"18":0,"19":0,"20":0,"21":0,"22":0,"23":0,"24":2,"25":0,"26":0,"27":0,"28":0,"29":0,"30":0,"31":0,"32":2,"33":0,"34":2,"35":0,"36":0,"37":0,"38":0,"39":0,"40":0,"41":0,"42":0,"43":0,"44":0,"45":2,"46":0,"47":0,"48":0,"49":0},"f":{"0":0,"1":0,"2":0,"3":0,"4":0,"5":0,"6":0,"7":0,"8":0,"9":2,"10":0,"11":0,"12":0,"13":0,"14":0,"15":0,"16":0,"17":0,"18":0,"19":0,"20":0},"b":{"0":[0],"1":[0,0],"2":[0,0],"3":[0,0]},"_coverageSchema":"1a1c01bbd47fc00a2c39e90264f33305004495a9","hash":"ce45b43818584f06aa8ddd582885acc17c4fedf3"}
,"/home/irvan/Documents/CODE/platinum_challange/admin-binar-rental-car/src/pages/auth/signin/SignInPage.js": {"path":"/home/irvan/Documents/CODE/platinum_challange/admin-binar-rental-car/src/pages/auth/signin/SignInPage.js","statementMap":{"0":{"start":{"line":10,"column":20},"end":{"line":36,"column":1}},"1":{"start":{"line":11,"column":31},"end":{"line":11,"column":52}},"2":{"start":{"line":12,"column":42},"end":{"line":12,"column":54}},"3":{"start":{"line":13,"column":19},"end":{"line":13,"column":32}},"4":{"start":{"line":14,"column":19},"end":{"line":14,"column":32}},"5":{"start":{"line":15,"column":17},"end":{"line":29,"column":3}},"6":{"start":{"line":16,"column":4},"end":{"line":26,"column":5}},"7":{"start":{"line":17,"column":21},"end":{"line":17,"column":60}},"8":{"start":{"line":18,"column":19},"end":{"line":18,"column":49}},"9":{"start":{"line":21,"column":6},"end":{"line":21,"column":61}},"10":{"start":{"line":24,"column":6},"end":{"line":24,"column":36}},"11":{"start":{"line":25,"column":6},"end":{"line":25,"column":13}},"12":{"start":{"line":28,"column":4},"end":{"line":28,"column":33}},"13":{"start":{"line":31,"column":2},"end":{"line":35,"column":3}}},"fnMap":{"0":{"name":"(anonymous_0)","decl":{"start":{"line":10,"column":20},"end":{"line":10,"column":21}},"loc":{"start":{"line":10,"column":26},"end":{"line":36,"column":1}},"line":10},"1":{"name":"(anonymous_1)","decl":{"start":{"line":15,"column":17},"end":{"line":15,"column":18}},"loc":{"start":{"line":15,"column":36},"end":{"line":29,"column":3}},"line":15}},"branchMap":{},"s":{"0":1,"1":0,"2":0,"3":0,"4":0,"5":0,"6":0,"7":0,"8":0,"9":0,"10":0,"11":0,"12":0,"13":0},"f":{"0":0,"1":0},"b":{},"_coverageSchema":"1a1c01bbd47fc00a2c39e90264f33305004495a9","hash":"a74de6e36b071f892bb786f9f26f9178fd8f8ddf"}
,"/home/irvan/Documents/CODE/platinum_challange/admin-binar-rental-car/src/pages/auth/signin/components/SignIn.js": {"path":"/home/irvan/Documents/CODE/platinum_challange/admin-binar-rental-car/src/pages/auth/signin/components/SignIn.js","statementMap":{"0":{"start":{"line":6,"column":15},"end":{"line":131,"column":1}},"1":{"start":{"line":8,"column":26},"end":{"line":11,"column":4}},"2":{"start":{"line":13,"column":2},"end":{"line":130,"column":4}},"3":{"start":{"line":69,"column":16},"end":{"line":69,"column":35}},"4":{"start":{"line":70,"column":16},"end":{"line":70,"column":37}},"5":{"start":{"line":87,"column":20},"end":{"line":87,"column":70}},"6":{"start":{"line":102,"column":20},"end":{"line":102,"column":73}},"7":{"start":{"line":135,"column":0},"end":{"line":137,"column":2}}},"fnMap":{"0":{"name":"(anonymous_0)","decl":{"start":{"line":6,"column":15},"end":{"line":6,"column":16}},"loc":{"start":{"line":6,"column":26},"end":{"line":131,"column":1}},"line":6},"1":{"name":"(anonymous_1)","decl":{"start":{"line":68,"column":24},"end":{"line":68,"column":25}},"loc":{"start":{"line":68,"column":31},"end":{"line":71,"column":15}},"line":68},"2":{"name":"(anonymous_2)","decl":{"start":{"line":86,"column":28},"end":{"line":86,"column":29}},"loc":{"start":{"line":87,"column":20},"end":{"line":87,"column":70}},"line":87},"3":{"name":"(anonymous_3)","decl":{"start":{"line":101,"column":28},"end":{"line":101,"column":29}},"loc":{"start":{"line":102,"column":20},"end":{"line":102,"column":73}},"line":102},"4":{"name":"(anonymous_4)","decl":{"start":{"line":136,"column":12},"end":{"line":136,"column":13}},"loc":{"start":{"line":136,"column":18},"end":{"line":136,"column":20}},"line":136}},"branchMap":{"0":{"loc":{"start":{"line":77,"column":17},"end":{"line":81,"column":17}},"type":"binary-expr","locations":[{"start":{"line":77,"column":17},"end":{"line":77,"column":30}},{"start":{"line":78,"column":18},"end":{"line":80,"column":24}}],"line":77}},"s":{"0":2,"1":4,"2":4,"3":1,"4":1,"5":1,"6":1,"7":2},"f":{"0":4,"1":1,"2":1,"3":1,"4":0},"b":{"0":[4,0]},"_coverageSchema":"1a1c01bbd47fc00a2c39e90264f33305004495a9","hash":"f7f2ba0e39d85d619ecfb381f708946c5c08ba92"}
,"/home/irvan/Documents/CODE/platinum_challange/admin-binar-rental-car/src/pages/car/AddCarPage.js": {"path":"/home/irvan/Documents/CODE/platinum_challange/admin-binar-rental-car/src/pages/car/AddCarPage.js","statementMap":{"0":{"start":{"line":9,"column":19},"end":{"line":9,"column":32}},"1":{"start":{"line":10,"column":19},"end":{"line":10,"column":32}},"2":{"start":{"line":11,"column":21},"end":{"line":20,"column":1}},"3":{"start":{"line":13,"column":2},"end":{"line":19,"column":3}},"4":{"start":{"line":14,"column":4},"end":{"line":14,"column":49}},"5":{"start":{"line":15,"column":4},"end":{"line":15,"column":31}},"6":{"start":{"line":18,"column":4},"end":{"line":18,"column":22}},"7":{"start":{"line":22,"column":2},"end":{"line":28,"column":3}}},"fnMap":{"0":{"name":"AddCarPage","decl":{"start":{"line":8,"column":24},"end":{"line":8,"column":34}},"loc":{"start":{"line":8,"column":37},"end":{"line":29,"column":1}},"line":8},"1":{"name":"(anonymous_1)","decl":{"start":{"line":11,"column":21},"end":{"line":11,"column":22}},"loc":{"start":{"line":11,"column":40},"end":{"line":20,"column":1}},"line":11}},"branchMap":{},"s":{"0":3,"1":2,"2":2,"3":1,"4":1,"5":0,"6":0,"7":2},"f":{"0":3,"1":1},"b":{},"_coverageSchema":"1a1c01bbd47fc00a2c39e90264f33305004495a9","hash":"573f5cf7f34ab98758451241a957eb376487ec50"}
,"/home/irvan/Documents/CODE/platinum_challange/admin-binar-rental-car/src/pages/car/CarlistPage.js": {"path":"/home/irvan/Documents/CODE/platinum_challange/admin-binar-rental-car/src/pages/car/CarlistPage.js","statementMap":{"0":{"start":{"line":16,"column":20},"end":{"line":95,"column":1}},"1":{"start":{"line":17,"column":50},"end":{"line":17,"column":62}},"2":{"start":{"line":18,"column":19},"end":{"line":18,"column":32}},"3":{"start":{"line":19,"column":18},"end":{"line":19,"column":51}},"4":{"start":{"line":20,"column":18},"end":{"line":20,"column":57}},"5":{"start":{"line":22,"column":2},"end":{"line":24,"column":9}},"6":{"start":{"line":23,"column":4},"end":{"line":23,"column":49}},"7":{"start":{"line":26,"column":25},"end":{"line":29,"column":3}},"8":{"start":{"line":27,"column":4},"end":{"line":27,"column":33}},"9":{"start":{"line":28,"column":4},"end":{"line":28,"column":53}},"10":{"start":{"line":31,"column":23},"end":{"line":42,"column":3}},"11":{"start":{"line":32,"column":4},"end":{"line":41,"column":9}},"12":{"start":{"line":35,"column":8},"end":{"line":37,"column":10}},"13":{"start":{"line":40,"column":8},"end":{"line":40,"column":27}},"14":{"start":{"line":44,"column":2},"end":{"line":94,"column":4}},"15":{"start":{"line":82,"column":18},"end":{"line":86,"column":20}},"16":{"start":{"line":85,"column":36},"end":{"line":85,"column":56}}},"fnMap":{"0":{"name":"(anonymous_0)","decl":{"start":{"line":16,"column":20},"end":{"line":16,"column":21}},"loc":{"start":{"line":16,"column":26},"end":{"line":95,"column":1}},"line":16},"1":{"name":"(anonymous_1)","decl":{"start":{"line":22,"column":12},"end":{"line":22,"column":13}},"loc":{"start":{"line":22,"column":18},"end":{"line":24,"column":3}},"line":22},"2":{"name":"(anonymous_2)","decl":{"start":{"line":26,"column":25},"end":{"line":26,"column":26}},"loc":{"start":{"line":26,"column":38},"end":{"line":29,"column":3}},"line":26},"3":{"name":"(anonymous_3)","decl":{"start":{"line":31,"column":23},"end":{"line":31,"column":24}},"loc":{"start":{"line":31,"column":34},"end":{"line":42,"column":3}},"line":31},"4":{"name":"(anonymous_4)","decl":{"start":{"line":33,"column":12},"end":{"line":33,"column":13}},"loc":{"start":{"line":33,"column":18},"end":{"line":38,"column":7}},"line":33},"5":{"name":"(anonymous_5)","decl":{"start":{"line":39,"column":13},"end":{"line":39,"column":14}},"loc":{"start":{"line":39,"column":24},"end":{"line":41,"column":7}},"line":39},"6":{"name":"(anonymous_6)","decl":{"start":{"line":81,"column":35},"end":{"line":81,"column":36}},"loc":{"start":{"line":82,"column":18},"end":{"line":86,"column":20}},"line":82},"7":{"name":"(anonymous_7)","decl":{"start":{"line":85,"column":30},"end":{"line":85,"column":31}},"loc":{"start":{"line":85,"column":36},"end":{"line":85,"column":56}},"line":85}},"branchMap":{"0":{"loc":{"start":{"line":78,"column":15},"end":{"line":88,"column":15}},"type":"cond-expr","locations":[{"start":{"line":79,"column":16},"end":{"line":79,"column":33}},{"start":{"line":81,"column":16},"end":{"line":87,"column":18}}],"line":78}},"s":{"0":1,"1":13,"2":12,"3":12,"4":0,"5":0,"6":0,"7":0,"8":0,"9":0,"10":0,"11":0,"12":0,"13":0,"14":0,"15":0,"16":0},"f":{"0":13,"1":0,"2":0,"3":0,"4":0,"5":0,"6":0,"7":0},"b":{"0":[0,0]},"_coverageSchema":"1a1c01bbd47fc00a2c39e90264f33305004495a9","hash":"f501b226e832b04aa552b005be3014241f077192"}
,"/home/irvan/Documents/CODE/platinum_challange/admin-binar-rental-car/src/pages/car/UpdateCarPage.js": {"path":"/home/irvan/Documents/CODE/platinum_challange/admin-binar-rental-car/src/pages/car/UpdateCarPage.js","statementMap":{"0":{"start":{"line":9,"column":17},"end":{"line":9,"column":28}},"1":{"start":{"line":10,"column":19},"end":{"line":10,"column":32}},"2":{"start":{"line":11,"column":15},"end":{"line":11,"column":51}},"3":{"start":{"line":12,"column":18},"end":{"line":12,"column":51}},"4":{"start":{"line":13,"column":19},"end":{"line":13,"column":32}},"5":{"start":{"line":16,"column":20},"end":{"line":19,"column":3}},"6":{"start":{"line":17,"column":4},"end":{"line":17,"column":72}},"7":{"start":{"line":18,"column":4},"end":{"line":18,"column":31}},"8":{"start":{"line":21,"column":26},"end":{"line":39,"column":3}},"9":{"start":{"line":22,"column":4},"end":{"line":22,"column":24}},"10":{"start":{"line":23,"column":23},"end":{"line":23,"column":25}},"11":{"start":{"line":24,"column":4},"end":{"line":38,"column":5}},"12":{"start":{"line":25,"column":6},"end":{"line":33,"column":7}},"13":{"start":{"line":26,"column":22},"end":{"line":26,"column":34}},"14":{"start":{"line":27,"column":8},"end":{"line":29,"column":9}},"15":{"start":{"line":28,"column":10},"end":{"line":28,"column":34}},"16":{"start":{"line":30,"column":8},"end":{"line":32,"column":9}},"17":{"start":{"line":31,"column":10},"end":{"line":31,"column":40}},"18":{"start":{"line":34,"column":6},"end":{"line":34,"column":28}},"19":{"start":{"line":40,"column":2},"end":{"line":46,"column":3}}},"fnMap":{"0":{"name":"UpdateCarPage","decl":{"start":{"line":8,"column":24},"end":{"line":8,"column":37}},"loc":{"start":{"line":8,"column":40},"end":{"line":47,"column":1}},"line":8},"1":{"name":"(anonymous_1)","decl":{"start":{"line":16,"column":20},"end":{"line":16,"column":21}},"loc":{"start":{"line":16,"column":39},"end":{"line":19,"column":3}},"line":16},"2":{"name":"(anonymous_2)","decl":{"start":{"line":21,"column":26},"end":{"line":21,"column":27}},"loc":{"start":{"line":21,"column":39},"end":{"line":39,"column":3}},"line":21}},"branchMap":{"0":{"loc":{"start":{"line":24,"column":4},"end":{"line":38,"column":5}},"type":"if","locations":[{"start":{"line":24,"column":4},"end":{"line":38,"column":5}},{"start":{},"end":{}}],"line":24},"1":{"loc":{"start":{"line":27,"column":8},"end":{"line":29,"column":9}},"type":"if","locations":[{"start":{"line":27,"column":8},"end":{"line":29,"column":9}},{"start":{},"end":{}}],"line":27},"2":{"loc":{"start":{"line":27,"column":12},"end":{"line":27,"column":79}},"type":"binary-expr","locations":[{"start":{"line":27,"column":12},"end":{"line":27,"column":22}},{"start":{"line":27,"column":26},"end":{"line":27,"column":40}},{"start":{"line":27,"column":44},"end":{"line":27,"column":56}},{"start":{"line":27,"column":60},"end":{"line":27,"column":79}}],"line":27},"3":{"loc":{"start":{"line":30,"column":8},"end":{"line":32,"column":9}},"type":"if","locations":[{"start":{"line":30,"column":8},"end":{"line":32,"column":9}},{"start":{},"end":{}}],"line":30}},"s":{"0":0,"1":0,"2":0,"3":0,"4":0,"5":0,"6":0,"7":0,"8":0,"9":0,"10":0,"11":0,"12":0,"13":0,"14":0,"15":0,"16":0,"17":0,"18":0,"19":0},"f":{"0":0,"1":0,"2":0},"b":{"0":[0,0],"1":[0,0],"2":[0,0,0,0],"3":[0,0]},"_coverageSchema":"1a1c01bbd47fc00a2c39e90264f33305004495a9","hash":"5efcd04682996288c9ed5482e3925dc74f0a88b9"}
,"/home/irvan/Documents/CODE/platinum_challange/admin-binar-rental-car/src/pages/car/components/AddCar.js": {"path":"/home/irvan/Documents/CODE/platinum_challange/admin-binar-rental-car/src/pages/car/components/AddCar.js","statementMap":{"0":{"start":{"line":11,"column":15},"end":{"line":183,"column":1}},"1":{"start":{"line":12,"column":26},"end":{"line":18,"column":4}},"2":{"start":{"line":19,"column":44},"end":{"line":19,"column":56}},"3":{"start":{"line":21,"column":32},"end":{"line":28,"column":3}},"4":{"start":{"line":22,"column":17},"end":{"line":22,"column":34}},"5":{"start":{"line":23,"column":4},"end":{"line":26,"column":7}},"6":{"start":{"line":27,"column":4},"end":{"line":27,"column":22}},"7":{"start":{"line":30,"column":22},"end":{"line":36,"column":3}},"8":{"start":{"line":31,"column":19},"end":{"line":31,"column":35}},"9":{"start":{"line":32,"column":4},"end":{"line":32,"column":31}},"10":{"start":{"line":33,"column":4},"end":{"line":35,"column":6}},"11":{"start":{"line":34,"column":6},"end":{"line":34,"column":38}},"12":{"start":{"line":38,"column":23},"end":{"line":41,"column":3}},"13":{"start":{"line":39,"column":4},"end":{"line":39,"column":22}},"14":{"start":{"line":40,"column":4},"end":{"line":40,"column":24}},"15":{"start":{"line":43,"column":2},"end":{"line":182,"column":4}},"16":{"start":{"line":65,"column":10},"end":{"line":65,"column":29}},"17":{"start":{"line":66,"column":10},"end":{"line":66,"column":31}},"18":{"start":{"line":80,"column":18},"end":{"line":83,"column":20}},"19":{"start":{"line":100,"column":18},"end":{"line":103,"column":20}},"20":{"start":{"line":149,"column":18},"end":{"line":152,"column":20}}},"fnMap":{"0":{"name":"(anonymous_0)","decl":{"start":{"line":11,"column":15},"end":{"line":11,"column":16}},"loc":{"start":{"line":11,"column":26},"end":{"line":183,"column":1}},"line":11},"1":{"name":"(anonymous_1)","decl":{"start":{"line":21,"column":32},"end":{"line":21,"column":33}},"loc":{"start":{"line":21,"column":39},"end":{"line":28,"column":3}},"line":21},"2":{"name":"(anonymous_2)","decl":{"start":{"line":30,"column":22},"end":{"line":30,"column":23}},"loc":{"start":{"line":30,"column":32},"end":{"line":36,"column":3}},"line":30},"3":{"name":"(anonymous_3)","decl":{"start":{"line":33,"column":23},"end":{"line":33,"column":24}},"loc":{"start":{"line":33,"column":29},"end":{"line":35,"column":5}},"line":33},"4":{"name":"(anonymous_4)","decl":{"start":{"line":38,"column":23},"end":{"line":38,"column":24}},"loc":{"start":{"line":38,"column":30},"end":{"line":41,"column":3}},"line":38},"5":{"name":"(anonymous_5)","decl":{"start":{"line":64,"column":24},"end":{"line":64,"column":25}},"loc":{"start":{"line":64,"column":31},"end":{"line":67,"column":9}},"line":64},"6":{"name":"(anonymous_6)","decl":{"start":{"line":79,"column":26},"end":{"line":79,"column":27}},"loc":{"start":{"line":80,"column":18},"end":{"line":83,"column":20}},"line":80},"7":{"name":"(anonymous_7)","decl":{"start":{"line":99,"column":26},"end":{"line":99,"column":27}},"loc":{"start":{"line":100,"column":18},"end":{"line":103,"column":20}},"line":100},"8":{"name":"(anonymous_8)","decl":{"start":{"line":148,"column":26},"end":{"line":148,"column":27}},"loc":{"start":{"line":149,"column":18},"end":{"line":152,"column":20}},"line":149}},"branchMap":{"0":{"loc":{"start":{"line":124,"column":15},"end":{"line":135,"column":15}},"type":"binary-expr","locations":[{"start":{"line":124,"column":15},"end":{"line":124,"column":28}},{"start":{"line":125,"column":16},"end":{"line":134,"column":18}}],"line":124}},"s":{"0":2,"1":6,"2":5,"3":5,"4":0,"5":0,"6":0,"7":5,"8":0,"9":0,"10":0,"11":0,"12":5,"13":1,"14":1,"15":5,"16":0,"17":0,"18":3,"19":0,"20":0},"f":{"0":6,"1":0,"2":0,"3":0,"4":1,"5":0,"6":3,"7":0,"8":0},"b":{"0":[5,0]},"_coverageSchema":"1a1c01bbd47fc00a2c39e90264f33305004495a9","hash":"44fc380cd1f06f42408da7280459002ca57a2e18"}
,"/home/irvan/Documents/CODE/platinum_challange/admin-binar-rental-car/src/pages/car/components/ButtonFilter.js": {"path":"/home/irvan/Documents/CODE/platinum_challange/admin-binar-rental-car/src/pages/car/components/ButtonFilter.js","statementMap":{"0":{"start":{"line":5,"column":34},"end":{"line":5,"column":46}},"1":{"start":{"line":7,"column":25},"end":{"line":11,"column":3}},"2":{"start":{"line":8,"column":4},"end":{"line":8,"column":23}},"3":{"start":{"line":9,"column":4},"end":{"line":9,"column":20}},"4":{"start":{"line":10,"column":4},"end":{"line":10,"column":26}},"5":{"start":{"line":13,"column":27},"end":{"line":17,"column":3}},"6":{"start":{"line":14,"column":4},"end":{"line":14,"column":23}},"7":{"start":{"line":15,"column":4},"end":{"line":15,"column":25}},"8":{"start":{"line":16,"column":4},"end":{"line":16,"column":31}},"9":{"start":{"line":19,"column":28},"end":{"line":23,"column":3}},"10":{"start":{"line":20,"column":4},"end":{"line":20,"column":23}},"11":{"start":{"line":21,"column":4},"end":{"line":21,"column":26}},"12":{"start":{"line":22,"column":4},"end":{"line":22,"column":32}},"13":{"start":{"line":25,"column":27},"end":{"line":29,"column":3}},"14":{"start":{"line":26,"column":4},"end":{"line":26,"column":23}},"15":{"start":{"line":27,"column":4},"end":{"line":27,"column":25}},"16":{"start":{"line":28,"column":4},"end":{"line":28,"column":31}},"17":{"start":{"line":31,"column":2},"end":{"line":165,"column":4}},"18":{"start":{"line":49,"column":10},"end":{"line":53,"column":11}},"19":{"start":{"line":50,"column":12},"end":{"line":50,"column":50}},"20":{"start":{"line":51,"column":12},"end":{"line":51,"column":56}},"21":{"start":{"line":52,"column":12},"end":{"line":52,"column":45}},"22":{"start":{"line":56,"column":10},"end":{"line":60,"column":11}},"23":{"start":{"line":57,"column":12},"end":{"line":57,"column":50}},"24":{"start":{"line":58,"column":12},"end":{"line":58,"column":56}},"25":{"start":{"line":59,"column":12},"end":{"line":59,"column":45}},"26":{"start":{"line":82,"column":10},"end":{"line":86,"column":11}},"27":{"start":{"line":83,"column":12},"end":{"line":83,"column":50}},"28":{"start":{"line":84,"column":12},"end":{"line":84,"column":56}},"29":{"start":{"line":85,"column":12},"end":{"line":85,"column":45}},"30":{"start":{"line":89,"column":10},"end":{"line":93,"column":11}},"31":{"start":{"line":90,"column":12},"end":{"line":90,"column":50}},"32":{"start":{"line":91,"column":12},"end":{"line":91,"column":56}},"33":{"start":{"line":92,"column":12},"end":{"line":92,"column":45}},"34":{"start":{"line":115,"column":10},"end":{"line":119,"column":11}},"35":{"start":{"line":116,"column":12},"end":{"line":116,"column":50}},"36":{"start":{"line":117,"column":12},"end":{"line":117,"column":56}},"37":{"start":{"line":118,"column":12},"end":{"line":118,"column":45}},"38":{"start":{"line":122,"column":10},"end":{"line":126,"column":11}},"39":{"start":{"line":123,"column":12},"end":{"line":123,"column":50}},"40":{"start":{"line":124,"column":12},"end":{"line":124,"column":56}},"41":{"start":{"line":125,"column":12},"end":{"line":125,"column":45}},"42":{"start":{"line":148,"column":10},"end":{"line":152,"column":11}},"43":{"start":{"line":149,"column":12},"end":{"line":149,"column":50}},"44":{"start":{"line":150,"column":12},"end":{"line":150,"column":56}},"45":{"start":{"line":151,"column":12},"end":{"line":151,"column":45}},"46":{"start":{"line":155,"column":10},"end":{"line":159,"column":11}},"47":{"start":{"line":156,"column":12},"end":{"line":156,"column":50}},"48":{"start":{"line":157,"column":12},"end":{"line":157,"column":56}},"49":{"start":{"line":158,"column":12},"end":{"line":158,"column":45}},"50":{"start":{"line":168,"column":0},"end":{"line":170,"column":2}}},"fnMap":{"0":{"name":"ButtonFilter","decl":{"start":{"line":4,"column":24},"end":{"line":4,"column":36}},"loc":{"start":{"line":4,"column":44},"end":{"line":166,"column":1}},"line":4},"1":{"name":"(anonymous_1)","decl":{"start":{"line":7,"column":25},"end":{"line":7,"column":26}},"loc":{"start":{"line":7,"column":32},"end":{"line":11,"column":3}},"line":7},"2":{"name":"(anonymous_2)","decl":{"start":{"line":13,"column":27},"end":{"line":13,"column":28}},"loc":{"start":{"line":13,"column":34},"end":{"line":17,"column":3}},"line":13},"3":{"name":"(anonymous_3)","decl":{"start":{"line":19,"column":28},"end":{"line":19,"column":29}},"loc":{"start":{"line":19,"column":35},"end":{"line":23,"column":3}},"line":19},"4":{"name":"(anonymous_4)","decl":{"start":{"line":25,"column":27},"end":{"line":25,"column":28}},"loc":{"start":{"line":25,"column":34},"end":{"line":29,"column":3}},"line":25},"5":{"name":"(anonymous_5)","decl":{"start":{"line":48,"column":22},"end":{"line":48,"column":23}},"loc":{"start":{"line":48,"column":29},"end":{"line":54,"column":9}},"line":48},"6":{"name":"(anonymous_6)","decl":{"start":{"line":55,"column":22},"end":{"line":55,"column":23}},"loc":{"start":{"line":55,"column":29},"end":{"line":61,"column":9}},"line":55},"7":{"name":"(anonymous_7)","decl":{"start":{"line":81,"column":22},"end":{"line":81,"column":23}},"loc":{"start":{"line":81,"column":29},"end":{"line":87,"column":9}},"line":81},"8":{"name":"(anonymous_8)","decl":{"start":{"line":88,"column":22},"end":{"line":88,"column":23}},"loc":{"start":{"line":88,"column":29},"end":{"line":94,"column":9}},"line":88},"9":{"name":"(anonymous_9)","decl":{"start":{"line":114,"column":22},"end":{"line":114,"column":23}},"loc":{"start":{"line":114,"column":29},"end":{"line":120,"column":9}},"line":114},"10":{"name":"(anonymous_10)","decl":{"start":{"line":121,"column":22},"end":{"line":121,"column":23}},"loc":{"start":{"line":121,"column":29},"end":{"line":127,"column":9}},"line":121},"11":{"name":"(anonymous_11)","decl":{"start":{"line":147,"column":22},"end":{"line":147,"column":23}},"loc":{"start":{"line":147,"column":29},"end":{"line":153,"column":9}},"line":147},"12":{"name":"(anonymous_12)","decl":{"start":{"line":154,"column":22},"end":{"line":154,"column":23}},"loc":{"start":{"line":154,"column":29},"end":{"line":160,"column":9}},"line":154},"13":{"name":"(anonymous_13)","decl":{"start":{"line":169,"column":15},"end":{"line":169,"column":16}},"loc":{"start":{"line":169,"column":21},"end":{"line":169,"column":23}},"line":169}},"branchMap":{"0":{"loc":{"start":{"line":37,"column":22},"end":{"line":37,"column":61}},"type":"cond-expr","locations":[{"start":{"line":37,"column":40},"end":{"line":37,"column":49}},{"start":{"line":37,"column":52},"end":{"line":37,"column":61}}],"line":37},"1":{"loc":{"start":{"line":38,"column":18},"end":{"line":38,"column":77}},"type":"cond-expr","locations":[{"start":{"line":38,"column":36},"end":{"line":38,"column":55}},{"start":{"line":38,"column":58},"end":{"line":38,"column":77}}],"line":38},"2":{"loc":{"start":{"line":45,"column":17},"end":{"line":45,"column":56}},"type":"cond-expr","locations":[{"start":{"line":45,"column":35},"end":{"line":45,"column":44}},{"start":{"line":45,"column":47},"end":{"line":45,"column":56}}],"line":45},"3":{"loc":{"start":{"line":49,"column":10},"end":{"line":53,"column":11}},"type":"if","locations":[{"start":{"line":49,"column":10},"end":{"line":53,"column":11}},{"start":{},"end":{}}],"line":49},"4":{"loc":{"start":{"line":56,"column":10},"end":{"line":60,"column":11}},"type":"if","locations":[{"start":{"line":56,"column":10},"end":{"line":60,"column":11}},{"start":{},"end":{}}],"line":56},"5":{"loc":{"start":{"line":69,"column":22},"end":{"line":69,"column":66}},"type":"cond-expr","locations":[{"start":{"line":69,"column":45},"end":{"line":69,"column":54}},{"start":{"line":69,"column":57},"end":{"line":69,"column":66}}],"line":69},"6":{"loc":{"start":{"line":71,"column":12},"end":{"line":71,"column":76}},"type":"cond-expr","locations":[{"start":{"line":71,"column":35},"end":{"line":71,"column":54}},{"start":{"line":71,"column":57},"end":{"line":71,"column":76}}],"line":71},"7":{"loc":{"start":{"line":78,"column":17},"end":{"line":78,"column":61}},"type":"cond-expr","locations":[{"start":{"line":78,"column":40},"end":{"line":78,"column":49}},{"start":{"line":78,"column":52},"end":{"line":78,"column":61}}],"line":78},"8":{"loc":{"start":{"line":82,"column":10},"end":{"line":86,"column":11}},"type":"if","locations":[{"start":{"line":82,"column":10},"end":{"line":86,"column":11}},{"start":{},"end":{}}],"line":82},"9":{"loc":{"start":{"line":89,"column":10},"end":{"line":93,"column":11}},"type":"if","locations":[{"start":{"line":89,"column":10},"end":{"line":93,"column":11}},{"start":{},"end":{}}],"line":89},"10":{"loc":{"start":{"line":102,"column":22},"end":{"line":102,"column":67}},"type":"cond-expr","locations":[{"start":{"line":102,"column":46},"end":{"line":102,"column":55}},{"start":{"line":102,"column":58},"end":{"line":102,"column":67}}],"line":102},"11":{"loc":{"start":{"line":104,"column":12},"end":{"line":104,"column":77}},"type":"cond-expr","locations":[{"start":{"line":104,"column":36},"end":{"line":104,"column":55}},{"start":{"line":104,"column":58},"end":{"line":104,"column":77}}],"line":104},"12":{"loc":{"start":{"line":111,"column":17},"end":{"line":111,"column":62}},"type":"cond-expr","locations":[{"start":{"line":111,"column":41},"end":{"line":111,"column":50}},{"start":{"line":111,"column":53},"end":{"line":111,"column":62}}],"line":111},"13":{"loc":{"start":{"line":115,"column":10},"end":{"line":119,"column":11}},"type":"if","locations":[{"start":{"line":115,"column":10},"end":{"line":119,"column":11}},{"start":{},"end":{}}],"line":115},"14":{"loc":{"start":{"line":122,"column":10},"end":{"line":126,"column":11}},"type":"if","locations":[{"start":{"line":122,"column":10},"end":{"line":126,"column":11}},{"start":{},"end":{}}],"line":122},"15":{"loc":{"start":{"line":135,"column":22},"end":{"line":135,"column":66}},"type":"cond-expr","locations":[{"start":{"line":135,"column":45},"end":{"line":135,"column":54}},{"start":{"line":135,"column":57},"end":{"line":135,"column":66}}],"line":135},"16":{"loc":{"start":{"line":137,"column":12},"end":{"line":137,"column":76}},"type":"cond-expr","locations":[{"start":{"line":137,"column":35},"end":{"line":137,"column":54}},{"start":{"line":137,"column":57},"end":{"line":137,"column":76}}],"line":137},"17":{"loc":{"start":{"line":144,"column":17},"end":{"line":144,"column":61}},"type":"cond-expr","locations":[{"start":{"line":144,"column":40},"end":{"line":144,"column":49}},{"start":{"line":144,"column":52},"end":{"line":144,"column":61}}],"line":144},"18":{"loc":{"start":{"line":148,"column":10},"end":{"line":152,"column":11}},"type":"if","locations":[{"start":{"line":148,"column":10},"end":{"line":152,"column":11}},{"start":{},"end":{}}],"line":148},"19":{"loc":{"start":{"line":155,"column":10},"end":{"line":159,"column":11}},"type":"if","locations":[{"start":{"line":155,"column":10},"end":{"line":159,"column":11}},{"start":{},"end":{}}],"line":155}},"s":{"0":4,"1":4,"2":1,"3":1,"4":1,"5":4,"6":1,"7":1,"8":1,"9":4,"10":1,"11":1,"12":1,"13":4,"14":1,"15":1,"16":1,"17":4,"18":0,"19":0,"20":0,"21":0,"22":0,"23":0,"24":0,"25":0,"26":0,"27":0,"28":0,"29":0,"30":0,"31":0,"32":0,"33":0,"34":0,"35":0,"36":0,"37":0,"38":0,"39":0,"40":0,"41":0,"42":0,"43":0,"44":0,"45":0,"46":0,"47":0,"48":0,"49":0,"50":2},"f":{"0":4,"1":1,"2":1,"3":1,"4":1,"5":0,"6":0,"7":0,"8":0,"9":0,"10":0,"11":0,"12":0,"13":0},"b":{"0":[1,3],"1":[1,3],"2":[1,3],"3":[0,0],"4":[0,0],"5":[1,3],"6":[1,3],"7":[1,3],"8":[0,0],"9":[0,0],"10":[1,3],"11":[1,3],"12":[1,3],"13":[0,0],"14":[0,0],"15":[1,3],"16":[1,3],"17":[1,3],"18":[0,0],"19":[0,0]},"_coverageSchema":"1a1c01bbd47fc00a2c39e90264f33305004495a9","hash":"4a312031b1251a37cdf7423c03de88802176c278"}
,"/home/irvan/Documents/CODE/platinum_challange/admin-binar-rental-car/src/pages/car/components/CarCard.js": {"path":"/home/irvan/Documents/CODE/platinum_challange/admin-binar-rental-car/src/pages/car/components/CarCard.js","statementMap":{"0":{"start":{"line":14,"column":16},"end":{"line":65,"column":1}},"1":{"start":{"line":15,"column":26},"end":{"line":23,"column":3}},"2":{"start":{"line":16,"column":24},"end":{"line":20,"column":5}},"3":{"start":{"line":22,"column":4},"end":{"line":22,"column":39}},"4":{"start":{"line":25,"column":21},"end":{"line":27,"column":3}},"5":{"start":{"line":26,"column":4},"end":{"line":26,"column":56}},"6":{"start":{"line":28,"column":2},"end":{"line":64,"column":4}}},"fnMap":{"0":{"name":"(anonymous_0)","decl":{"start":{"line":14,"column":16},"end":{"line":14,"column":17}},"loc":{"start":{"line":14,"column":39},"end":{"line":65,"column":1}},"line":14},"1":{"name":"(anonymous_1)","decl":{"start":{"line":15,"column":26},"end":{"line":15,"column":27}},"loc":{"start":{"line":15,"column":40},"end":{"line":23,"column":3}},"line":15},"2":{"name":"(anonymous_2)","decl":{"start":{"line":25,"column":21},"end":{"line":25,"column":22}},"loc":{"start":{"line":25,"column":31},"end":{"line":27,"column":3}},"line":25}},"branchMap":{"0":{"loc":{"start":{"line":22,"column":11},"end":{"line":22,"column":38}},"type":"binary-expr","locations":[{"start":{"line":22,"column":11},"end":{"line":22,"column":32}},{"start":{"line":22,"column":36},"end":{"line":22,"column":38}}],"line":22},"1":{"loc":{"start":{"line":31,"column":9},"end":{"line":39,"column":9}},"type":"cond-expr","locations":[{"start":{"line":32,"column":10},"end":{"line":34,"column":16}},{"start":{"line":36,"column":10},"end":{"line":38,"column":16}}],"line":31}},"s":{"0":2,"1":2,"2":2,"3":2,"4":2,"5":2,"6":2},"f":{"0":2,"1":2,"2":2},"b":{"0":[2,0],"1":[1,1]},"_coverageSchema":"1a1c01bbd47fc00a2c39e90264f33305004495a9","hash":"652a58f467672405812499d21931ce9dc78fb3b9"}
,"/home/irvan/Documents/CODE/platinum_challange/admin-binar-rental-car/src/pages/car/components/DialogBox.js": {"path":"/home/irvan/Documents/CODE/platinum_challange/admin-binar-rental-car/src/pages/car/components/DialogBox.js","statementMap":{"0":{"start":{"line":8,"column":26},"end":{"line":8,"column":41}},"1":{"start":{"line":10,"column":21},"end":{"line":12,"column":3}},"2":{"start":{"line":11,"column":4},"end":{"line":11,"column":18}},"3":{"start":{"line":14,"column":22},"end":{"line":16,"column":3}},"4":{"start":{"line":15,"column":4},"end":{"line":15,"column":19}},"5":{"start":{"line":18,"column":23},"end":{"line":21,"column":3}},"6":{"start":{"line":19,"column":4},"end":{"line":19,"column":15}},"7":{"start":{"line":20,"column":4},"end":{"line":20,"column":18}},"8":{"start":{"line":23,"column":2},"end":{"line":69,"column":4}}},"fnMap":{"0":{"name":"DialogBox","decl":{"start":{"line":7,"column":9},"end":{"line":7,"column":18}},"loc":{"start":{"line":7,"column":33},"end":{"line":70,"column":1}},"line":7},"1":{"name":"(anonymous_1)","decl":{"start":{"line":10,"column":21},"end":{"line":10,"column":22}},"loc":{"start":{"line":10,"column":27},"end":{"line":12,"column":3}},"line":10},"2":{"name":"(anonymous_2)","decl":{"start":{"line":14,"column":22},"end":{"line":14,"column":23}},"loc":{"start":{"line":14,"column":28},"end":{"line":16,"column":3}},"line":14},"3":{"name":"(anonymous_3)","decl":{"start":{"line":18,"column":23},"end":{"line":18,"column":24}},"loc":{"start":{"line":18,"column":29},"end":{"line":21,"column":3}},"line":18}},"branchMap":{},"s":{"0":10,"1":10,"2":3,"3":10,"4":2,"5":10,"6":1,"7":1,"8":10},"f":{"0":10,"1":3,"2":2,"3":1},"b":{},"_coverageSchema":"1a1c01bbd47fc00a2c39e90264f33305004495a9","hash":"40c998b0f16594d7d0780ab6660e21464de86e96"}
,"/home/irvan/Documents/CODE/platinum_challange/admin-binar-rental-car/src/pages/car/components/UpdateCar.js": {"path":"/home/irvan/Documents/CODE/platinum_challange/admin-binar-rental-car/src/pages/car/components/UpdateCar.js","statementMap":{"0":{"start":{"line":13,"column":0},"end":{"line":13,"column":19}},"1":{"start":{"line":15,"column":18},"end":{"line":183,"column":1}},"2":{"start":{"line":16,"column":21},"end":{"line":16,"column":34}},"3":{"start":{"line":17,"column":17},"end":{"line":17,"column":28}},"4":{"start":{"line":18,"column":17},"end":{"line":18,"column":53}},"5":{"start":{"line":20,"column":4},"end":{"line":22,"column":10}},"6":{"start":{"line":21,"column":8},"end":{"line":21,"column":37}},"7":{"start":{"line":24,"column":26},"end":{"line":30,"column":4}},"8":{"start":{"line":31,"column":44},"end":{"line":31,"column":56}},"9":{"start":{"line":33,"column":32},"end":{"line":40,"column":3}},"10":{"start":{"line":34,"column":17},"end":{"line":34,"column":34}},"11":{"start":{"line":35,"column":4},"end":{"line":38,"column":7}},"12":{"start":{"line":39,"column":4},"end":{"line":39,"column":22}},"13":{"start":{"line":42,"column":22},"end":{"line":48,"column":3}},"14":{"start":{"line":43,"column":19},"end":{"line":43,"column":35}},"15":{"start":{"line":44,"column":4},"end":{"line":44,"column":31}},"16":{"start":{"line":45,"column":4},"end":{"line":47,"column":6}},"17":{"start":{"line":46,"column":6},"end":{"line":46,"column":38}},"18":{"start":{"line":50,"column":23},"end":{"line":53,"column":3}},"19":{"start":{"line":51,"column":4},"end":{"line":51,"column":22}},"20":{"start":{"line":52,"column":4},"end":{"line":52,"column":24}},"21":{"start":{"line":55,"column":2},"end":{"line":182,"column":4}},"22":{"start":{"line":71,"column":10},"end":{"line":71,"column":29}},"23":{"start":{"line":72,"column":10},"end":{"line":72,"column":31}},"24":{"start":{"line":85,"column":18},"end":{"line":88,"column":20}},"25":{"start":{"line":104,"column":18},"end":{"line":107,"column":20}},"26":{"start":{"line":149,"column":18},"end":{"line":152,"column":20}}},"fnMap":{"0":{"name":"(anonymous_0)","decl":{"start":{"line":15,"column":18},"end":{"line":15,"column":19}},"loc":{"start":{"line":15,"column":29},"end":{"line":183,"column":1}},"line":15},"1":{"name":"(anonymous_1)","decl":{"start":{"line":20,"column":14},"end":{"line":20,"column":15}},"loc":{"start":{"line":20,"column":20},"end":{"line":22,"column":5}},"line":20},"2":{"name":"(anonymous_2)","decl":{"start":{"line":33,"column":32},"end":{"line":33,"column":33}},"loc":{"start":{"line":33,"column":39},"end":{"line":40,"column":3}},"line":33},"3":{"name":"(anonymous_3)","decl":{"start":{"line":42,"column":22},"end":{"line":42,"column":23}},"loc":{"start":{"line":42,"column":32},"end":{"line":48,"column":3}},"line":42},"4":{"name
[...]
n":40}},"15":{"start":{"line":102,"column":22},"end":{"line":102,"column":46}},"16":{"start":{"line":121,"column":22},"end":{"line":121,"column":40}},"17":{"start":{"line":122,"column":22},"end":{"line":122,"column":47}}},"fnMap":{"0":{"name":"AllpaymentStatus","decl":{"start":{"line":13,"column":24},"end":{"line":13,"column":40}},"loc":{"start":{"line":13,"column":48},"end":{"line":164,"column":1}},"line":13},"1":{"name":"(anonymous_1)","decl":{"start":{"line":22,"column":12},"end":{"line":22,"column":13}},"loc":{"start":{"line":22,"column":18},"end":{"line":24,"column":3}},"line":22},"2":{"name":"(anonymous_2)","decl":{"start":{"line":26,"column":27},"end":{"line":26,"column":28}},"loc":{"start":{"line":26,"column":45},"end":{"line":28,"column":3}},"line":26},"3":{"name":"(anonymous_3)","decl":{"start":{"line":39,"column":21},"end":{"line":39,"column":22}},"loc":{"start":{"line":40,"column":8},"end":{"line":138,"column":15}},"line":40},"4":{"name":"(anonymous_4)","decl":{"start":{"line":100,"column":29},"end":{"line":100,"column":30}},"loc":{"start":{"line":100,"column":36},"end":{"line":103,"column":21}},"line":100},"5":{"name":"(anonymous_5)","decl":{"start":{"line":120,"column":29},"end":{"line":120,"column":30}},"loc":{"start":{"line":120,"column":36},"end":{"line":123,"column":21}},"line":120}},"branchMap":{"0":{"loc":{"start":{"line":42,"column":13},"end":{"line":43,"column":62}},"type":"cond-expr","locations":[{"start":{"line":42,"column":36},"end":{"line":42,"column":49}},{"start":{"line":43,"column":14},"end":{"line":43,"column":62}}],"line":42},"1":{"loc":{"start":{"line":42,"column":13},"end":{"line":42,"column":33}},"type":"binary-expr","locations":[{"start":{"line":42,"column":13},"end":{"line":42,"column":22}},{"start":{"line":42,"column":26},"end":{"line":42,"column":33}}],"line":42},"2":{"loc":{"start":{"line":43,"column":14},"end":{"line":43,"column":62}},"type":"cond-expr","locations":[{"start":{"line":43,"column":36},"end":{"line":43,"column":50}},{"start":{"line":43,"column":53},"end":{"line":43,"column":62}}],"line":43},"3":{"loc":{"start":{"line":43,"column":14},"end":{"line":43,"column":33}},"type":"binary-expr","locations":[{"start":{"line":43,"column":14},"end":{"line":43,"column":23}},{"start":{"line":43,"column":27},"end":{"line":43,"column":33}}],"line":43},"4":{"loc":{"start":{"line":48,"column":17},"end":{"line":65,"column":19}},"type":"cond-expr","locations":[{"start":{"line":50,"column":20},"end":{"line":55,"column":26}},{"start":{"line":58,"column":20},"end":{"line":64,"column":26}}],"line":48},"5":{"loc":{"start":{"line":48,"column":17},"end":{"line":48,"column":68}},"type":"binary-expr","locations":[{"start":{"line":48,"column":17},"end":{"line":48,"column":38}},{"start":{"line":48,"column":42},"end":{"line":48,"column":68}}],"line":48},"6":{"loc":{"start":{"line":96,"column":16},"end":{"line":110,"column":19}},"type":"binary-expr","locations":[{"start":{"line":96,"column":16},"end":{"line":96,"column":25}},{"start":{"line":96,"column":29},"end":{"line":96,"column":36}},{"start":{"line":97,"column":16},"end":{"line":110,"column":19}}],"line":96},"7":{"loc":{"start":{"line":113,"column":16},"end":{"line":127,"column":19}},"type":"binary-expr","locations":[{"start":{"line":113,"column":16},"end":{"line":113,"column":25}},{"start":{"line":113,"column":29},"end":{"line":113,"column":35}},{"start":{"line":114,"column":16},"end":{"line":127,"column":19}}],"line":113},"8":{"loc":{"start":{"line":130,"column":16},"end":{"line":133,"column":23}},"type":"binary-expr","locations":[{"start":{"line":130,"column":16},"end":{"line":130,"column":24}},{"start":{"line":130,"column":28},"end":{"line":130,"column":34}},{"start":{"line":131,"column":16},"end":{"line":133,"column":23}}],"line":130}},"s":{"0":0,"1":0,"2":0,"3":0,"4":0,"5":0,"6":0,"7":0,"8":0,"9":0,"10":0,"11":0,"12":0,"13":0,"14":0,"15":0,"16":0,"17":0},"f":{"0":0,"1":0,"2":0,"3":0,"4":0,"5":0},"b":{"0":[0,0],"1":[0,0],"2":[0,0],"3":[0,0],"4":[0,0],"5":[0,0],"6":[0,0,0],"7":[0,0,0],"8":[0,0,0]}}
,"/home/irvan/Documents/CODE/platinum_challange/admin-binar-rental-car/src/pages/order/components/payment-status/CompletedPaymentStatus.js": {"path":"/home/irvan/Documents/CODE/platinum_challange/admin-binar-rental-car/src/pages/order/components/payment-status/CompletedPaymentStatus.js","statementMap":{"0":{"start":{"line":12,"column":0},"end":{"line":12,"column":19}},"1":{"start":{"line":17,"column":25},"end":{"line":17,"column":27}},"2":{"start":{"line":18,"column":42},"end":{"line":18,"column":53}},"3":{"start":{"line":19,"column":36},"end":{"line":19,"column":48}},"4":{"start":{"line":20,"column":23},"end":{"line":20,"column":55}},"5":{"start":{"line":21,"column":21},"end":{"line":21,"column":46}},"6":{"start":{"line":22,"column":23},"end":{"line":22,"column":67}},"7":{"start":{"line":24,"column":4},"end":{"line":26,"column":43}},"8":{"start":{"line":25,"column":8},"end":{"line":25,"column":61}},"9":{"start":{"line":28,"column":29},"end":{"line":30,"column":5}},"10":{"start":{"line":29,"column":8},"end":{"line":29,"column":37}},"11":{"start":{"line":32,"column":22},"end":{"line":36,"column":6}},"12":{"start":{"line":39,"column":4},"end":{"line":132,"column":5}},"13":{"start":{"line":42,"column":16},"end":{"line":107,"column":23}}},"fnMap":{"0":{"name":"CompletedPaymentStatus","decl":{"start":{"line":15,"column":24},"end":{"line":15,"column":46}},"loc":{"start":{"line":15,"column":54},"end":{"line":133,"column":1}},"line":15},"1":{"name":"(anonymous_1)","decl":{"start":{"line":24,"column":14},"end":{"line":24,"column":15}},"loc":{"start":{"line":24,"column":20},"end":{"line":26,"column":5}},"line":24},"2":{"name":"(anonymous_2)","decl":{"start":{"line":28,"column":29},"end":{"line":28,"column":30}},"loc":{"start":{"line":28,"column":47},"end":{"line":30,"column":5}},"line":28},"3":{"name":"(anonymous_3)","decl":{"start":{"line":41,"column":27},"end":{"line":41,"column":28}},"loc":{"start":{"line":42,"column":16},"end":{"line":107,"column":23}},"line":42}},"branchMap":{"0":{"loc":{"start":{"line":44,"column":25},"end":{"line":45,"column":77}},"type":"cond-expr","locations":[{"start":{"line":44,"column":48},"end":{"line":44,"column":61}},{"start":{"line":45,"column":28},"end":{"line":45,"column":77}}],"line":44},"1":{"loc":{"start":{"line":44,"column":25},"end":{"line":44,"column":45}},"type":"binary-expr","locations":[{"start":{"line":44,"column":25},"end":{"line":44,"column":34}},{"start":{"line":44,"column":38},"end":{"line":44,"column":45}}],"line":44},"2":{"loc":{"start":{"line":45,"column":28},"end":{"line":45,"column":77}},"type":"cond-expr","locations":[{"start":{"line":45,"column":50},"end":{"line":45,"column":65}},{"start":{"line":45,"column":68},"end":{"line":45,"column":77}}],"line":45},"3":{"loc":{"start":{"line":45,"column":28},"end":{"line":45,"column":47}},"type":"binary-expr","locations":[{"start":{"line":45,"column":28},"end":{"line":45,"column":37}},{"start":{"line":45,"column":41},"end":{"line":45,"column":47}}],"line":45},"4":{"loc":{"start":{"line":50,"column":33},"end":{"line":67,"column":37}},"type":"cond-expr","locations":[{"start":{"line":52,"column":40},"end":{"line":57,"column":46}},{"start":{"line":60,"column":40},"end":{"line":66,"column":46}}],"line":50},"5":{"loc":{"start":{"line":50,"column":33},"end":{"line":50,"column":84}},"type":"binary-expr","locations":[{"start":{"line":50,"column":33},"end":{"line":50,"column":54}},{"start":{"line":50,"column":58},"end":{"line":50,"column":84}}],"line":50}},"s":{"0":0,"1":0,"2":0,"3":0,"4":0,"5":0,"6":0,"7":0,"8":0,"9":0,"10":0,"11":0,"12":0,"13":0},"f":{"0":0,"1":0,"2":0,"3":0},"b":{"0":[0,0],"1":[0,0],"2":[0,0],"3":[0,0],"4":[0,0],"5":[0,0]}}
,"/home/irvan/Documents/CODE/platinum_challange/admin-binar-rental-car/src/pages/order/components/payment-status/OnProcessPaymentStatus.js": {"path":"/home/irvan/Documents/CODE/platinum_challange/admin-binar-rental-car/src/pages/order/components/payment-status/OnProcessPaymentStatus.js","statementMap":{"0":{"start":{"line":10,"column":0},"end":{"line":10,"column":19}},"1":{"start":{"line":15,"column":25},"end":{"line":15,"column":27}},"2":{"start":{"line":16,"column":42},"end":{"line":16,"column":53}},"3":{"start":{"line":17,"column":36},"end":{"line":17,"column":48}},"4":{"start":{"line":18,"column":23},"end":{"line":18,"column":55}},"5":{"start":{"line":19,"column":21},"end":{"line":19,"column":46}},"6":{"start":{"line":20,"column":23},"end":{"line":20,"column":67}},"7":{"start":{"line":22,"column":4},"end":{"line":24,"column":43}},"8":{"start":{"line":23,"column":8},"end":{"line":23,"column":61}},"9":{"start":{"line":26,"column":29},"end":{"line":28,"column":5}},"10":{"start":{"line":27,"column":8},"end":{"line":27,"column":37}},"11":{"start":{"line":30,"column":22},"end":{"line":34,"column":6}},"12":{"start":{"line":36,"column":4},"end":{"line":134,"column":5}},"13":{"start":{"line":39,"column":16},"end":{"line":109,"column":23}},"14":{"start":{"line":97,"column":36},"end":{"line":97,"column":54}},"15":{"start":{"line":98,"column":36},"end":{"line":98,"column":61}}},"fnMap":{"0":{"name":"OnProcessPaymentStatus","decl":{"start":{"line":13,"column":24},"end":{"line":13,"column":46}},"loc":{"start":{"line":13,"column":54},"end":{"line":135,"column":1}},"line":13},"1":{"name":"(anonymous_1)","decl":{"start":{"line":22,"column":14},"end":{"line":22,"column":15}},"loc":{"start":{"line":22,"column":20},"end":{"line":24,"column":5}},"line":22},"2":{"name":"(anonymous_2)","decl":{"start":{"line":26,"column":29},"end":{"line":26,"column":30}},"loc":{"start":{"line":26,"column":47},"end":{"line":28,"column":5}},"line":26},"3":{"name":"(anonymous_3)","decl":{"start":{"line":38,"column":27},"end":{"line":38,"column":28}},"loc":{"start":{"line":39,"column":16},"end":{"line":109,"column":23}},"line":39},"4":{"name":"(anonymous_4)","decl":{"start":{"line":96,"column":41},"end":{"line":96,"column":42}},"loc":{"start":{"line":96,"column":48},"end":{"line":99,"column":33}},"line":96}},"branchMap":{"0":{"loc":{"start":{"line":41,"column":25},"end":{"line":42,"column":76}},"type":"cond-expr","locations":[{"start":{"line":41,"column":48},"end":{"line":41,"column":61}},{"start":{"line":42,"column":28},"end":{"line":42,"column":76}}],"line":41},"1":{"loc":{"start":{"line":41,"column":25},"end":{"line":41,"column":45}},"type":"binary-expr","locations":[{"start":{"line":41,"column":25},"end":{"line":41,"column":34}},{"start":{"line":41,"column":38},"end":{"line":41,"column":45}}],"line":41},"2":{"loc":{"start":{"line":42,"column":28},"end":{"line":42,"column":76}},"type":"cond-expr","locations":[{"start":{"line":42,"column":50},"end":{"line":42,"column":64}},{"start":{"line":42,"column":67},"end":{"line":42,"column":76}}],"line":42},"3":{"loc":{"start":{"line":42,"column":28},"end":{"line":42,"column":47}},"type":"binary-expr","locations":[{"start":{"line":42,"column":28},"end":{"line":42,"column":37}},{"start":{"line":42,"column":41},"end":{"line":42,"column":47}}],"line":42},"4":{"loc":{"start":{"line":47,"column":33},"end":{"line":64,"column":37}},"type":"cond-expr","locations":[{"start":{"line":49,"column":40},"end":{"line":54,"column":46}},{"start":{"line":57,"column":40},"end":{"line":63,"column":46}}],"line":47},"5":{"loc":{"start":{"line":47,"column":33},"end":{"line":47,"column":84}},"type":"binary-expr","locations":[{"start":{"line":47,"column":33},"end":{"line":47,"column":54}},{"start":{"line":47,"column":58},"end":{"line":47,"column":84}}],"line":47}},"s":{"0":0,"1":0,"2":0,"3":0,"4":0,"5":0,"6":0,"7":0,"8":0,"9":0,"10":0,"11":0,"12":0,"13":0,"14":0,"15":0},"f":{"0":0,"1":0,"2":0,"3":0,"4":0},"b":{"0":[0,0],"1":[0,0],"2":[0,0],"3":[0,0],"4":[0,0],"5":[0,0]}}
,"/home/irvan/Documents/CODE/platinum_challange/admin-binar-rental-car/src/pages/order/components/payment-status/PendingPaymentStatus.js": {"path":"/home/irvan/Documents/CODE/platinum_challange/admin-binar-rental-car/src/pages/order/components/payment-status/PendingPaymentStatus.js","statementMap":{"0":{"start":{"line":10,"column":0},"end":{"line":10,"column":19}},"1":{"start":{"line":15,"column":25},"end":{"line":15,"column":27}},"2":{"start":{"line":16,"column":42},"end":{"line":16,"column":53}},"3":{"start":{"line":17,"column":36},"end":{"line":17,"column":48}},"4":{"start":{"line":18,"column":23},"end":{"line":18,"column":55}},"5":{"start":{"line":19,"column":21},"end":{"line":19,"column":46}},"6":{"start":{"line":20,"column":23},"end":{"line":20,"column":67}},"7":{"start":{"line":22,"column":4},"end":{"line":24,"column":43}},"8":{"start":{"line":23,"column":8},"end":{"line":23,"column":61}},"9":{"start":{"line":26,"column":29},"end":{"line":28,"column":5}},"10":{"start":{"line":27,"column":8},"end":{"line":27,"column":37}},"11":{"start":{"line":30,"column":22},"end":{"line":34,"column":6}},"12":{"start":{"line":37,"column":4},"end":{"line":141,"column":5}},"13":{"start":{"line":40,"column":16},"end":{"line":116,"column":23}},"14":{"start":{"line":101,"column":44},"end":{"line":101,"column":62}},"15":{"start":{"line":102,"column":44},"end":{"line":102,"column":68}}},"fnMap":{"0":{"name":"PendingPaymentStatus","decl":{"start":{"line":13,"column":24},"end":{"line":13,"column":44}},"loc":{"start":{"line":13,"column":52},"end":{"line":142,"column":1}},"line":13},"1":{"name":"(anonymous_1)","decl":{"start":{"line":22,"column":14},"end":{"line":22,"column":15}},"loc":{"start":{"line":22,"column":20},"end":{"line":24,"column":5}},"line":22},"2":{"name":"(anonymous_2)","decl":{"start":{"line":26,"column":29},"end":{"line":26,"column":30}},"loc":{"start":{"line":26,"column":47},"end":{"line":28,"column":5}},"line":26},"3":{"name":"(anonymous_3)","decl":{"start":{"line":39,"column":27},"end":{"line":39,"column":28}},"loc":{"start":{"line":40,"column":16},"end":{"line":116,"column":23}},"line":40},"4":{"name":"(anonymous_4)","decl":{"start":{"line":100,"column":49},"end":{"line":100,"column":50}},"loc":{"start":{"line":100,"column":56},"end":{"line":103,"column":41}},"line":100}},"branchMap":{"0":{"loc":{"start":{"line":42,"column":25},"end":{"line":43,"column":79}},"type":"cond-expr","locations":[{"start":{"line":42,"column":48},"end":{"line":42,"column":61}},{"start":{"line":43,"column":28},"end":{"line":43,"column":79}}],"line":42},"1":{"loc":{"start":{"line":42,"column":25},"end":{"line":42,"column":45}},"type":"binary-expr","locations":[{"start":{"line":42,"column":25},"end":{"line":42,"column":34}},{"start":{"line":42,"column":38},"end":{"line":42,"column":45}}],"line":42},"2":{"loc":{"start":{"line":43,"column":28},"end":{"line":43,"column":79}},"type":"cond-expr","locations":[{"start":{"line":43,"column":50},"end":{"line":43,"column":67}},{"start":{"line":43,"column":70},"end":{"line":43,"column":79}}],"line":43},"3":{"loc":{"start":{"line":43,"column":28},"end":{"line":43,"column":47}},"type":"binary-expr","locations":[{"start":{"line":43,"column":28},"end":{"line":43,"column":37}},{"start":{"line":43,"column":41},"end":{"line":43,"column":47}}],"line":43},"4":{"loc":{"start":{"line":48,"column":33},"end":{"line":65,"column":37}},"type":"cond-expr","locations":[{"start":{"line":50,"column":40},"end":{"line":55,"column":46}},{"start":{"line":58,"column":40},"end":{"line":64,"column":46}}],"line":48},"5":{"loc":{"start":{"line":48,"column":33},"end":{"line":48,"column":84}},"type":"binary-expr","locations":[{"start":{"line":48,"column":33},"end":{"line":48,"column":54}},{"start":{"line":48,"column":58},"end":{"line":48,"column":84}}],"line":48},"6":{"loc":{"start":{"line":95,"column":32},"end":{"line":110,"column":35}},"type":"binary-expr","locations":[{"start":{"line":95,"column":32},"end":{"line":95,"column":41}},{"start":{"line":95,"column":45},"end":{"line":95,"column":52}},{"start":{"line":96,"column":32},"end":{"line":110,"column":35}}],"line":95}},"s":{"0":0,"1":0,"2":0,"3":0,"4":0,"5":0,"6":0,"7":0,"8":0,"9":0,"10":0,"11":0,"12":0,"13":0,"14":0,"15":0},"f":{"0":0,"1":0,"2":0,"3":0,"4":0},"b":{"0":[0,0],"1":[0,0],"2":[0,0],"3":[0,0],"4":[0,0],"5":[0,0],"6":[0,0,0]}}
,"/home/irvan/Documents/CODE/platinum_challange/admin-binar-rental-car/src/routes/index.routes.js": {"path":"/home/irvan/Documents/CODE/platinum_challange/admin-binar-rental-car/src/routes/index.routes.js","statementMap":{"0":{"start":{"line":14,"column":4},"end":{"line":31,"column":6}}},"fnMap":{"0":{"name":"IndexRoutes","decl":{"start":{"line":12,"column":9},"end":{"line":12,"column":20}},"loc":{"start":{"line":12,"column":23},"end":{"line":32,"column":1}},"line":12}},"branchMap":{},"s":{"0":0},"f":{"0":0},"b":{}}
,"/home/irvan/Documents/CODE/platinum_challange/admin-binar-rental-car/src/utils/PrivateRoutesAdmin.js": {"path":"/home/irvan/Documents/CODE/platinum_challange/admin-binar-rental-car/src/utils/PrivateRoutesAdmin.js","statementMap":{"0":{"start":{"line":6,"column":27},"end":{"line":13,"column":1}},"1":{"start":{"line":7,"column":17},"end":{"line":7,"column":34}},"2":{"start":{"line":8,"column":4},"end":{"line":12,"column":5}},"3":{"start":{"line":9,"column":8},"end":{"line":9,"column":26}},"4":{"start":{"line":11,"column":8},"end":{"line":11,"column":31}}},"fnMap":{"0":{"name":"(anonymous_0)","decl":{"start":{"line":6,"column":27},"end":{"line":6,"column":28}},"loc":{"start":{"line":6,"column":33},"end":{"line":13,"column":1}},"line":6}},"branchMap":{"0":{"loc":{"start":{"line":8,"column":4},"end":{"line":12,"column":5}},"type":"if","locations":[{"start":{"line":8,"column":4},"end":{"line":12,"column":5}},{"start":{"line":10,"column":11},"end":{"line":12,"column":5}}],"line":8},"1":{"loc":{"start":{"line":8,"column":8},"end":{"line":8,"column":32}},"type":"binary-expr","locations":[{"start":{"line":8,"column":8},"end":{"line":8,"column":18}},{"start":{"line":8,"column":22},"end":{"line":8,"column":32}}],"line":8}},"s":{"0":0,"1":0,"2":0,"3":0,"4":0},"f":{"0":0},"b":{"0":[0,0],"1":[0,0]}}
,"/home/irvan/Documents/CODE/platinum_challange/admin-binar-rental-car/src/utils/TokenValidation.js": {"path":"/home/irvan/Documents/CODE/platinum_challange/admin-binar-rental-car/src/utils/TokenValidation.js","statementMap":{"0":{"start":{"line":4,"column":31},"end":{"line":31,"column":1}},"1":{"start":{"line":5,"column":22},"end":{"line":5,"column":43}},"2":{"start":{"line":6,"column":15},"end":{"line":9,"column":5}},"3":{"start":{"line":11,"column":18},"end":{"line":11,"column":31}},"4":{"start":{"line":12,"column":4},"end":{"line":28,"column":5}},"5":{"start":{"line":13,"column":8},"end":{"line":25,"column":9}},"6":{"start":{"line":14,"column":28},"end":{"line":14,"column":44}},"7":{"start":{"line":16,"column":12},"end":{"line":21,"column":13}},"8":{"start":{"line":17,"column":16},"end":{"line":17,"column":34}},"9":{"start":{"line":18,"column":16},"end":{"line":18,"column":34}},"10":{"start":{"line":20,"column":16},"end":{"line":20,"column":35}},"11":{"start":{"line":23,"column":12},"end":{"line":23,"column":33}},"12":{"start":{"line":24,"column":12},"end":{"line":24,"column":31}},"13":{"start":{"line":27,"column":8},"end":{"line":27,"column":27}},"14":{"start":{"line":30,"column":4},"end":{"line":30,"column":16}}},"fnMap":{"0":{"name":"(anonymous_0)","decl":{"start":{"line":4,"column":31},"end":{"line":4,"column":32}},"loc":{"start":{"line":4,"column":37},"end":{"line":31,"column":1}},"line":4}},"branchMap":{"0":{"loc":{"start":{"line":12,"column":4},"end":{"line":28,"column":5}},"type":"if","locations":[{"start":{"line":12,"column":4},"end":{"line":28,"column":5}},{"start":{"line":26,"column":11},"end":{"line":28,"column":5}}],"line":12},"1":{"loc":{"start":{"line":16,"column":12},"end":{"line":21,"column":13}},"type":"if","locations":[{"start":{"line":16,"column":12},"end":{"line":21,"column":13}},{"start":{"line":19,"column":19},"end":{"line":21,"column":13}}],"line":16}},"s":{"0":0,"1":0,"2":0,"3":0,"4":0,"5":0,"6":0,"7":0,"8":0,"9":0,"10":0,"11":0,"12":0,"13":0,"14":0},"f":{"0":0},"b":{"0":[0,0],"1":[0,0]}}
}
