TN:
SF:src/index.js
FNF:0
FNH:0
DA:10,0
DA:11,0
DA:24,0
LF:3
LH:0
BRF:0
BRH:0
end_of_record
TN:
SF:src/reportWebVitals.js
FN:1,(anonymous_0)
FN:3,(anonymous_1)
FNF:2
FNH:0
FNDA:0,(anonymous_0)
FNDA:0,(anonymous_1)
DA:1,0
DA:2,0
DA:3,0
DA:4,0
DA:5,0
DA:6,0
DA:7,0
DA:8,0
LF:8
LH:0
BRDA:2,0,0,0
BRDA:2,0,1,0
BRDA:2,1,0,0
BRDA:2,1,1,0
BRF:4
BRH:0
end_of_record
TN:
SF:src/store.js
FN:14,(anonymous_0)
FNF:1
FNH:1
FNDA:2,(anonymous_0)
DA:7,2
DA:14,2
LF:2
LH:2
BRF:0
BRH:0
end_of_record
TN:
SF:src/components/layout/SideBar.js
FN:15,(anonymous_0)
FN:21,(anonymous_1)
FN:25,(anonymous_2)
FN:43,(anonymous_3)
FN:49,(anonymous_4)
FN:54,(anonymous_5)
FN:67,(anonymous_6)
FN:78,(anonymous_7)
FN:86,(anonymous_8)
FN:150,(anonymous_9)
FN:170,(anonymous_10)
FN:188,(anonymous_11)
FNF:12
FNH:2
FNDA:2,(anonymous_0)
FNDA:0,(anonymous_1)
FNDA:0,(anonymous_2)
FNDA:0,(anonymous_3)
FNDA:0,(anonymous_4)
FNDA:0,(anonymous_5)
FNDA:0,(anonymous_6)
FNDA:2,(anonymous_7)
FNDA:0,(anonymous_8)
FNDA:0,(anonymous_9)
FNDA:0,(anonymous_10)
FNDA:0,(anonymous_11)
DA:15,4
DA:16,2
DA:17,2
DA:18,2
DA:19,2
DA:21,2
DA:22,0
DA:25,2
DA:26,0
DA:27,0
DA:28,0
DA:29,0
DA:31,0
DA:32,0
DA:33,0
DA:34,0
DA:36,0
DA:37,0
DA:38,0
DA:39,0
DA:43,2
DA:44,0
DA:45,0
DA:46,0
DA:49,2
DA:50,0
DA:51,0
DA:52,0
DA:54,2
DA:55,0
DA:56,0
DA:57,0
DA:61,2
DA:62,2
DA:63,2
DA:65,2
DA:67,2
DA:68,0
DA:70,0
DA:71,0
DA:72,0
DA:74,0
DA:78,2
DA:80,2
DA:81,0
DA:82,0
DA:86,2
DA:87,0
DA:88,0
DA:90,2
DA:150,0
DA:170,0
DA:188,0
LF:53
LH:19
BRDA:26,0,0,0
BRDA:26,0,1,0
BRDA:31,1,0,0
BRDA:31,1,1,0
BRDA:36,2,0,0
BRDA:36,2,1,0
BRDA:70,3,0,0
BRDA:70,3,1,0
BRDA:80,4,0,0
BRDA:80,4,1,2
BRDA:143,5,0,0
BRDA:143,5,1,2
BRDA:145,6,0,0
BRDA:145,6,1,0
BRDA:145,7,0,0
BRDA:145,7,1,0
BRDA:150,8,0,0
BRDA:150,8,1,0
BRDA:157,9,0,0
BRDA:157,9,1,0
BRDA:162,10,0,0
BRDA:162,10,1,2
BRDA:165,11,0,0
BRDA:165,11,1,0
BRDA:165,12,0,0
BRDA:165,12,1,0
BRDA:170,13,0,0
BRDA:170,13,1,0
BRDA:177,14,0,0
BRDA:177,14,1,0
BRDA:183,15,0,0
BRDA:183,15,1,2
BRDA:183,16,0,0
BRDA:183,16,1,2
BRDA:188,17,0,0
BRDA:188,17,1,2
BRDA:195,18,0,0
BRDA:195,18,1,2
BRF:38
BRH:7
end_of_record
TN:
SF:src/components/pagenotfound/PageNotFound.js
FN:3,PageNotFound
FNF:1
FNH:0
FNDA:0,PageNotFound
DA:4,0
LF:1
LH:0
BRF:0
BRH:0
end_of_record
TN:
SF:src/components/ui/ImageWithLoading.js
FN:3,ImageWithLoading
FN:6,(anonymous_1)
FN:10,(anonymous_2)
FNF:3
FNH:1
FNDA:2,ImageWithLoading
FNDA:0,(anonymous_1)
FNDA:0,(anonymous_2)
DA:4,2
DA:6,2
DA:7,0
DA:10,2
DA:11,0
DA:14,2
LF:6
LH:4
BRDA:16,0,0,2
BRDA:16,0,1,2
BRDA:17,1,0,2
BRDA:17,1,1,0
BRF:4
BRH:3
end_of_record
TN:
SF:src/components/ui/LoadingSpiner.js
FN:4,(anonymous_0)
FNF:1
FNH:0
FNDA:0,(anonymous_0)
DA:4,1
DA:5,0
LF:2
LH:1
BRF:0
BRH:0
end_of_record
TN:
SF:src/components/ui/customePagination.js
FN:3,(anonymous_0)
FN:8,(anonymous_1)
FN:14,(anonymous_2)
FN:21,(anonymous_3)
FN:26,(anonymous_4)
FN:27,(anonymous_5)
FN:30,(anonymous_6)
FNF:7
FNH:0
FNDA:0,(anonymous_0)
FNDA:0,(anonymous_1)
FNDA:0,(anonymous_2)
FNDA:0,(anonymous_3)
FNDA:0,(anonymous_4)
FNDA:0,(anonymous_5)
FNDA:0,(anonymous_6)
DA:3,0
DA:4,0
DA:5,0
DA:6,0
DA:8,0
DA:9,0
DA:10,0
DA:11,0
DA:14,0
DA:15,0
DA:18,0
DA:22,0
DA:26,0
DA:28,0
DA:30,0
LF:15
LH:0
BRF:0
BRH:0
end_of_record
TN:
SF:src/config/index.js
FNF:0
FNH:0
DA:1,7
LF:1
LH:1
BRF:0
BRH:0
end_of_record
TN:
SF:src/features/authSlice.js
FN:7,(anonymous_0)
FN:29,(anonymous_1)
FN:31,(anonymous_2)
FN:35,(anonymous_3)
FN:40,(anonymous_4)
FN:48,(anonymous_5)
FN:49,(anonymous_6)
FN:50,(anonymous_7)
FNF:8
FNH:1
FNDA:0,(anonymous_0)
FNDA:2,(anonymous_1)
FNDA:0,(anonymous_2)
FNDA:0,(anonymous_3)
FNDA:0,(anonymous_4)
FNDA:0,(anonymous_5)
FNDA:0,(anonymous_6)
FNDA:0,(anonymous_7)
DA:5,2
DA:8,0
DA:9,0
DA:10,0
DA:11,0
DA:13,0
DA:14,0
DA:16,0
DA:21,2
DA:30,2
DA:32,0
DA:33,0
DA:36,0
DA:37,0
DA:38,0
DA:41,0
DA:42,0
DA:47,2
DA:48,0
DA:49,0
DA:50,0
LF:21
LH:4
BRDA:7,0,0,0
BRDA:13,1,0,0
BRDA:13,1,1,0
BRF:3
BRH:0
end_of_record
TN:
SF:src/features/carSlice.js
FN:7,(anonymous_0)
FN:10,(anonymous_1)
FN:30,(anonymous_2)
FN:33,(anonymous_3)
FN:52,(anonymous_4)
FN:56,(anonymous_5)
FN:78,(anonymous_6)
FN:82,(anonymous_7)
FN:104,(anonymous_8)
FN:108,(anonymous_9)
FN:134,(anonymous_10)
FN:136,(anonymous_11)
FN:140,(anonymous_12)
FN:143,(anonymous_13)
FN:146,(anonymous_14)
FN:149,(anonymous_15)
FN:153,(anonymous_16)
FN:156,(anonymous_17)
FN:160,(anonymous_18)
FN:163,(anonymous_19)
FN:168,(anonymous_20)
FN:171,(anonymous_21)
FN:177,(anonymous_22)
FN:178,(anonymous_23)
FN:179,(anonymous_24)
FNF:25
FNH:5
FNDA:0,(anonymous_0)
FNDA:0,(anonymous_1)
FNDA:0,(anonymous_2)
FNDA:0,(anonymous_3)
FNDA:1,(anonymous_4)
FNDA:1,(anonymous_5)
FNDA:0,(anonymous_6)
FNDA:0,(anonymous_7)
FNDA:0,(anonymous_8)
FNDA:0,(anonymous_9)
FNDA:2,(anonymous_10)
FNDA:0,(anonymous_11)
FNDA:0,(anonymous_12)
FNDA:0,(anonymous_13)
FNDA:0,(anonymous_14)
FNDA:0,(anonymous_15)
FNDA:1,(anonymous_16)
FNDA:0,(anonymous_17)
FNDA:0,(anonymous_18)
FNDA:0,(anonymous_19)
FNDA:0,(anonymous_20)
FNDA:0,(anonymous_21)
FNDA:0,(anonymous_22)
FNDA:0,(anonymous_23)
FNDA:12,(anonymous_24)
DA:5,6
DA:8,0
DA:10,0
DA:13,0
DA:15,0
DA:16,0
DA:22,0
DA:24,0
DA:25,0
DA:30,6
DA:31,0
DA:33,0
DA:36,0
DA:37,0
DA:38,0
DA:43,0
DA:45,0
DA:46,0
DA:50,6
DA:53,1
DA:54,1
DA:56,1
DA:58,1
DA:59,1
DA:66,0
DA:68,0
DA:69,0
DA:71,0
DA:76,6
DA:79,0
DA:80,0
DA:82,0
DA:84,0
DA:85,0
DA:92,0
DA:94,0
DA:95,0
DA:97,0
DA:102,6
DA:105,0
DA:106,0
DA:108,0
DA:110,0
DA:111,0
DA:117,0
DA:119,0
DA:120,0
DA:122,0
DA:127,6
DA:135,2
DA:137,0
DA:138,0
DA:141,0
DA:144,0
DA:147,0
DA:150,0
DA:151,0
DA:154,1
DA:157,0
DA:158,0
DA:161,0
DA:164,0
DA:165,0
DA:166,0
DA:169,0
DA:172,0
DA:176,6
DA:177,0
DA:178,0
DA:179,12
LF:70
LH:15
BRDA:7,0,0,0
BRDA:52,1,0,0
BRDA:68,2,0,0
BRDA:68,2,1,0
BRDA:94,3,0,0
BRDA:94,3,1,0
BRDA:119,4,0,0
BRDA:119,4,1,0
BRF:8
BRH:0
end_of_record
TN:
SF:src/features/dropdownSlice.js
FN:9,(anonymous_0)
FNF:1
FNH:0
FNDA:0,(anonymous_0)
DA:3,2
DA:10,0
DA:15,2
LF:3
LH:2
BRF:0
BRH:0
end_of_record
TN:
SF:src/features/orderSlice.js
FN:8,(anonymous_0)
FN:12,(anonymous_1)
FN:26,(anonymous_2)
FN:29,(anonymous_3)
FN:49,(anonymous_4)
FN:52,(anonymous_5)
FN:72,(anonymous_6)
FN:75,(anonymous_7)
FN:104,(anonymous_8)
FN:108,(anonymous_9)
FN:110,(anonymous_10)
FN:114,(anonymous_11)
FN:118,(anonymous_12)
FN:123,(anonymous_13)
FN:125,(anonymous_14)
FN:126,(anonymous_15)
FN:127,(anonymous_16)
FN:132,(anonymous_17)
FN:133,(anonymous_18)
FN:134,(anonymous_19)
FN:135,(anonymous_20)
FNF:21
FNH:1
FNDA:0,(anonymous_0)
FNDA:0,(anonymous_1)
FNDA:0,(anonymous_2)
FNDA:0,(anonymous_3)
FNDA:0,(anonymous_4)
FNDA:0,(anonymous_5)
FNDA:0,(anonymous_6)
FNDA:0,(anonymous_7)
FNDA:0,(anonymous_8)
FNDA:2,(anonymous_9)
FNDA:0,(anonymous_10)
FNDA:0,(anonymous_11)
FNDA:0,(anonymous_12)
FNDA:0,(anonymous_13)
FNDA:0,(anonymous_14)
FNDA:0,(anonymous_15)
FNDA:0,(anonymous_16)
FNDA:0,(anonymous_17)
FNDA:0,(anonymous_18)
FNDA:0,(anonymous_19)
FNDA:0,(anonymous_20)
DA:8,2
DA:10,0
DA:12,0
DA:15,0
DA:16,0
DA:21,0
DA:26,2
DA:27,0
DA:29,0
DA:32,0
DA:34,0
DA:35,0
DA:41,0
DA:43,0
DA:44,0
DA:49,2
DA:50,0
DA:52,0
DA:55,0
DA:57,0
DA:59,0
DA:64,0
DA:66,0
DA:67,0
DA:72,2
DA:73,0
DA:75,0
DA:77,0
DA:78,0
DA:79,0
DA:87,0
DA:89,0
DA:94,2
DA:105,0
DA:109,2
DA:111,0
DA:115,0
DA:119,0
DA:124,0
DA:125,0
DA:126,0
DA:127,0
DA:131,2
DA:132,0
DA:133,0
DA:134,0
DA:135,0
LF:47
LH:7
BRDA:26,0,0,0
BRDA:125,1,0,0
BRDA:125,1,1,0
BRDA:126,2,0,0
BRDA:126,2,1,0
BRDA:127,3,0,0
BRDA:127,3,1,0
BRF:7
BRH:0
end_of_record
TN:
SF:src/pages/auth/signin/SignInPage.js
FN:10,(anonymous_0)
FN:15,(anonymous_1)
FNF:2
FNH:0
FNDA:0,(anonymous_0)
FNDA:0,(anonymous_1)
DA:10,1
DA:11,0
DA:12,0
DA:13,0
DA:14,0
DA:15,0
DA:16,0
DA:17,0
DA:18,0
DA:21,0
DA:24,0
DA:25,0
DA:28,0
DA:31,0
LF:14
LH:1
BRF:0
BRH:0
end_of_record
TN:
SF:src/pages/auth/signin/components/SignIn.js
FN:6,(anonymous_0)
FN:68,(anonymous_1)
FN:86,(anonymous_2)
FN:101,(anonymous_3)
FN:136,(anonymous_4)
FNF:5
FNH:4
FNDA:4,(anonymous_0)
FNDA:1,(anonymous_1)
FNDA:1,(anonymous_2)
FNDA:1,(anonymous_3)
FNDA:0,(anonymous_4)
DA:6,2
DA:8,4
DA:13,4
DA:69,1
DA:70,1
DA:87,1
DA:102,1
DA:135,2
LF:8
LH:8
BRDA:77,0,0,4
BRDA:77,0,1,0
BRF:2
BRH:1
end_of_record
TN:
SF:src/pages/car/AddCarPage.js
FN:8,AddCarPage
FN:11,(anonymous_1)
FNF:2
FNH:2
FNDA:3,AddCarPage
FNDA:1,(anonymous_1)
DA:9,3
DA:10,2
DA:11,2
DA:13,1
DA:14,1
DA:15,0
DA:18,0
DA:22,2
LF:8
LH:6
BRF:0
BRH:0
end_of_record
TN:
SF:src/pages/car/CarlistPage.js
FN:16,(anonymous_0)
FN:22,(anonymous_1)
FN:26,(anonymous_2)
FN:31,(anonymous_3)
FN:33,(anonymous_4)
FN:39,(anonymous_5)
FN:81,(anonymous_6)
FN:85,(anonymous_7)
FNF:8
FNH:1
FNDA:13,(anonymous_0)
FNDA:0,(anonymous_1)
FNDA:0,(anonymous_2)
FNDA:0,(anonymous_3)
FNDA:0,(anonymous_4)
FNDA:0,(anonymous_5)
FNDA:0,(anonymous_6)
FNDA:0,(anonymous_7)
DA:16,1
DA:17,13
DA:18,12
DA:19,12
DA:20,0
DA:22,0
DA:23,0
DA:26,0
DA:27,0
DA:28,0
DA:31,0
DA:32,0
DA:35,0
DA:40,0
DA:44,0
DA:82,0
DA:85,0
LF:17
LH:4
BRDA:78,0,0,0
BRDA:78,0,1,0
BRF:2
BRH:0
end_of_record
TN:
SF:src/pages/car/UpdateCarPage.js
FN:8,UpdateCarPage
FN:16,(anonymous_1)
FN:21,(anonymous_2)
FNF:3
FNH:0
FNDA:0,UpdateCarPage
FNDA:0,(anonymous_1)
FNDA:0,(anonymous_2)
DA:9,0
DA:10,0
DA:11,0
DA:12,0
DA:13,0
DA:16,0
DA:17,0
DA:18,0
DA:21,0
DA:22,0
DA:23,0
DA:24,0
DA:25,0
DA:26,0
DA:27,0
DA:28,0
DA:30,0
DA:31,0
DA:34,0
DA:40,0
LF:20
LH:0
BRDA:24,0,0,0
BRDA:24,0,1,0
BRDA:27,1,0,0
BRDA:27,1,1,0
BRDA:27,2,0,0
BRDA:27,2,1,0
BRDA:27,2,2,0
BRDA:27,2,3,0
BRDA:30,3,0,0
BRDA:30,3,1,0
BRF:10
BRH:0
end_of_record
TN:
SF:src/pages/car/components/AddCar.js
FN:11,(anonymous_0)
FN:21,(anonymous_1)
FN:30,(anonymous_2)
FN:33,(anonymous_3)
FN:38,(anonymous_4)
FN:64,(anonymous_5)
FN:79,(anonymous_6)
FN:99,(anonymous_7)
FN:148,(anonymous_8)
FNF:9
FNH:3
FNDA:6,(anonymous_0)
FNDA:0,(anonymous_1)
FNDA:0,(anonymous_2)
FNDA:0,(anonymous_3)
FNDA:1,(anonymous_4)
FNDA:0,(anonymous_5)
FNDA:3,(anonymous_6)
FNDA:0,(anonymous_7)
FNDA:0,(anonymous_8)
DA:11,2
DA:12,6
DA:19,5
DA:21,5
DA:22,0
DA:23,0
DA:27,0
DA:30,5
DA:31,0
DA:32,0
DA:33,0
DA:34,0
DA:38,5
DA:39,1
DA:40,1
DA:43,5
DA:65,0
DA:66,0
DA:80,3
DA:100,0
DA:149,0
LF:21
LH:10
BRDA:124,0,0,5
BRDA:124,0,1,0
BRF:2
BRH:1
end_of_record
TN:
SF:src/pages/car/components/ButtonFilter.js
FN:4,ButtonFilter
FN:7,(anonymous_1)
FN:13,(anonymous_2)
FN:19,(anonymous_3)
FN:25,(anonymous_4)
FN:48,(anonymous_5)
FN:55,(anonymous_6)
FN:81,(anonymous_7)
FN:88,(anonymous_8)
FN:114,(anonymous_9)
FN:121,(anonymous_10)
FN:147,(anonymous_11)
FN:154,(anonymous_12)
FN:169,(anonymous_13)
FNF:14
FNH:5
FNDA:4,ButtonFilter
FNDA:1,(anonymous_1)
FNDA:1,(anonymous_2)
FNDA:1,(anonymous_3)
FNDA:1,(anonymous_4)
FNDA:0,(anonymous_5)
FNDA:0,(anonymous_6)
FNDA:0,(anonymous_7)
FNDA:0,(anonymous_8)
FNDA:0,(anonymous_9)
FNDA:0,(anonymous_10)
FNDA:0,(anonymous_11)
FNDA:0,(anonymous_12)
FNDA:0,(anonymous_13)
DA:5,4
DA:7,4
DA:8,1
DA:9,1
DA:10,1
DA:13,4
DA:14,1
DA:15,1
DA:16,1
DA:19,4
DA:20,1
DA:21,1
DA:22,1
DA:25,4
DA:26,1
DA:27,1
DA:28,1
DA:31,4
DA:49,0
DA:50,0
DA:51,0
DA:52,0
DA:56,0
DA:57,0
DA:58,0
DA:59,0
DA:82,0
DA:83,0
DA:84,0
DA:85,0
DA:89,0
DA:90,0
DA:91,0
DA:92,0
DA:115,0
DA:116,0
DA:117,0
DA:118,0
DA:122,0
DA:123,0
DA:124,0
DA:125,0
DA:148,0
DA:149,0
DA:150,0
DA:151,0
DA:155,0
DA:156,0
DA:157,0
DA:158,0
DA:168,2
LF:51
LH:19
BRDA:37,0,0,1
BRDA:37,0,1,3
BRDA:38,1,0,1
BRDA:38,1,1,3
BRDA:45,2,0,1
BRDA:45,2,1,3
BRDA:49,3,0,0
BRDA:49,3,1,0
BRDA:56,4,0,0
BRDA:56,4,1,0
BRDA:69,5,0,1
BRDA:69,5,1,3
BRDA:71,6,0,1
BRDA:71,6,1,3
BRDA:78,7,0,1
BRDA:78,7,1,3
BRDA:82,8,0,0
BRDA:82,8,1,0
BRDA:89,9,0,0
BRDA:89,9,1,0
BRDA:102,10,0,1
BRDA:102,10,1,3
BRDA:104,11,0,1
BRDA:104,11,1,3
BRDA:111,12,0,1
BRDA:111,12,1,3
BRDA:115,13,0,0
BRDA:115,13,1,0
BRDA:122,14,0,0
BRDA:122,14,1,0
BRDA:135,15,0,1
BRDA:135,15,1,3
BRDA:137,16,0,1
BRDA:137,16,1,3
BRDA:144,17,0,1
BRDA:144,17,1,3
BRDA:148,18,0,0
BRDA:148,18,1,0
BRDA:155,19,0,0
BRDA:155,19,1,0
BRF:40
BRH:24
end_of_record
TN:
SF:src/pages/car/components/CarCard.js
FN:14,(anonymous_0)
FN:15,(anonymous_1)
FN:25,(anonymous_2)
FNF:3
FNH:3
FNDA:2,(anonymous_0)
FNDA:2,(anonymous_1)
FNDA:2,(anonymous_2)
DA:14,2
DA:15,2
DA:16,2
DA:22,2
DA:25,2
DA:26,2
DA:28,2
LF:7
LH:7
BRDA:22,0,0,2
BRDA:22,0,1,0
BRDA:31,1,0,1
BRDA:31,1,1,1
BRF:4
BRH:3
end_of_record
TN:
SF:src/pages/car/components/DialogBox.js
FN:7,DialogBox
FN:10,(anonymous_1)
FN:14,(anonymous_2)
FN:18,(anonymous_3)
FNF:4
FNH:4
FNDA:10,DialogBox
FNDA:3,(anonymous_1)
FNDA:2,(anonymous_2)
FNDA:1,(anonymous_3)
DA:8,10
DA:10,10
DA:11,3
DA:14,10
DA:15,2
DA:18,10
DA:19,1
DA:20,1
DA:23,10
LF:9
LH:9
BRF:0
BRH:0
end_of_record
TN:
SF:src/pages/car/components/UpdateCar.js
FN:15,(anonymous_0)
FN:20,(anonymous_1)
FN:33,(anonymous_2)
FN:42,(anonymous_3)
FN:45,(anonymous_4)
FN:50,(anonymous_5)
FN:70,(anonymous_6)
FN:84,(anonymous_7)
FN:103,(anonymous_8)
FN:148,(anonymous_9)
FNF:10
FNH:1
FNDA:9,(anonymous_0)
FNDA:0,(anonymous_1)
FNDA:0,(anonymous_2)
FNDA:0,(anonymous_3)
FNDA:0,(anonymous_4)
FNDA:0,(anonymous_5)
FNDA:0,(anonymous_6)
FNDA:0,(anonymous_7)
FNDA:0,(anonymous_8)
FNDA:0,(anonymous_9)
DA:13,2
DA:15,2
DA:16,9
DA:17,0
DA:18,0
DA:20,0
DA:21,0
DA:24,0
DA:31,0
DA:33,0
DA:34,0
DA:35,0
DA:39,0
DA:42,0
DA:43,0
DA:44,0
DA:45,0
DA:46,0
DA:50,0
DA:51,0
DA:52,0
DA:55,0
DA:71,0
DA:72,0
DA:85,0
DA:104,0
DA:149,0
LF:27
LH:3
BRDA:118,0,0,0
BRDA:118,0,1,0
BRF:2
BRH:0
end_of_record
TN:
SF:src/pages/dashboard/DashboardPage.js
FN:7,DashboardPage
FNF:1
FNH:0
FNDA:0,DashboardPage
DA:8,0
LF:1
LH:0
BRF:0
BRH:0
end_of_record
TN:
SF:src/pages/dashboard/components/chart/Chart.js
FN:8,Chart
FN:10,(anonymous_1)
FN:16,(anonymous_2)
FN:19,(anonymous_3)
FN:55,(anonymous_4)
FNF:5
FNH:0
FNDA:0,Chart
FNDA:0,(anonymous_1)
FNDA:0,(anonymous_2)
FNDA:0,(anonymous_3)
FNDA:0,(anonymous_4)
DA:6,0
DA:10,0
DA:11,0
DA:16,0
DA:19,0
DA:56,0
DA:57,0
DA:59,0
LF:8
LH:0
BRDA:56,0,0,0
BRDA:56,0,1,0
BRDA:56,1,0,0
BRDA:56,1,1,0
BRDA:56,1,2,0
BRF:5
BRH:0
end_of_record
TN:
SF:src/pages/dashboard/components/chart/dropdown.js
FN:7,Dropdown
FN:25,(anonymous_1)
FN:73,(anonymous_2)
FN:78,(anonymous_3)
FN:96,(anonymous_4)
FN:100,(anonymous_5)
FN:133,(anonymous_6)
FNF:7
FNH:0
FNDA:0,Dropdown
FNDA:0,(anonymous_1)
FNDA:0,(anonymous_2)
FNDA:0,(anonymous_3)
FNDA:0,(anonymous_4)
FNDA:0,(anonymous_5)
FNDA:0,(anonymous_6)
DA:8,0
DA:12,0
DA:13,0
DA:25,0
DA:26,0
DA:29,0
DA:31,0
DA:32,0
DA:33,0
DA:35,0
DA:36,0
DA:37,0
DA:39,0
DA:40,0
DA:41,0
DA:43,0
DA:44,0
DA:45,0
DA:47,0
DA:48,0
DA:49,0
DA:51,0
DA:52,0
DA:53,0
DA:55,0
DA:56,0
DA:57,0
DA:59,0
DA:60,0
DA:61,0
DA:63,0
DA:71,0
DA:73,0
DA:76,0
DA:78,0
DA:82,0
DA:91,0
DA:92,0
DA:96,0
DA:97,0
DA:100,0
DA:101,0
DA:103,0
DA:134,0
LF:44
LH:0
BRDA:29,0,0,0
BRDA:29,0,1,0
BRDA:29,0,2,0
BRDA:29,0,3,0
BRDA:29,0,4,0
BRDA:29,0,5,0
BRDA:29,0,6,0
BRDA:29,0,7,0
BRDA:78,1,0,0
BRF:9
BRH:0
end_of_record
TN:
SF:src/pages/dashboard/components/list-order/BasicTable.js
FN:7,(anonymous_0)
FN:46,(anonymous_1)
FN:85,(anonymous_2)
FN:89,(anonymous_3)
FN:93,(anonymous_4)
FN:97,(anonymous_5)
FN:111,(anonymous_6)
FN:125,(anonymous_7)
FN:129,(anonymous_8)
FN:130,(anonymous_9)
FN:136,(anonymous_10)
FN:145,(anonymous_11)
FN:150,(anonymous_12)
FN:155,(anonymous_13)
FN:176,(anonymous_14)
FN:192,(anonymous_15)
FN:194,(anonymous_16)
FN:221,(anonymous_17)
FN:225,(anonymous_18)
FN:258,(anonymous_19)
FN:265,(anonymous_20)
FNF:21
FNH:0
FNDA:0,(anonymous_0)
FNDA:0,(anonymous_1)
FNDA:0,(anonymous_2)
FNDA:0,(anonymous_3)
FNDA:0,(anonymous_4)
FNDA:0,(anonymous_5)
FNDA:0,(anonymous_6)
FNDA:0,(anonymous_7)
FNDA:0,(anonymous_8)
FNDA:0,(anonymous_9)
FNDA:0,(anonymous_10)
FNDA:0,(anonymous_11)
FNDA:0,(anonymous_12)
FNDA:0,(anonymous_13)
FNDA:0,(anonymous_14)
FNDA:0,(anonymous_15)
FNDA:0,(anonymous_16)
FNDA:0,(anonymous_17)
FNDA:0,(anonymous_18)
FNDA:0,(anonymous_19)
FNDA:0,(anonymous_20)
DA:7,0
DA:15,0
DA:17,0
DA:34,0
DA:46,0
DA:47,0
DA:48,0
DA:49,0
DA:51,0
DA:52,0
DA:54,0
DA:55,0
DA:58,0
DA:59,0
DA:60,0
DA:62,0
DA:66,0
DA:67,0
DA:71,0
DA:75,0
DA:79,0
DA:82,0
DA:85,0
DA:86,0
DA:89,0
DA:90,0
DA:93,0
DA:94,0
DA:97,0
DA:98,0
DA:111,0
DA:112,0
DA:125,0
DA:126,0
DA:127,0
DA:129,0
DA:131,0
DA:132,0
DA:136,0
DA:142,0
DA:145,0
DA:150,0
DA:155,0
DA:156,0
DA:157,0
DA:158,0
DA:159,0
DA:161,0
DA:162,0
DA:163,0
DA:165,0
DA:167,0
DA:176,0
DA:177,0
DA:188,0
DA:193,0
DA:195,0
DA:222,0
DA:223,0
DA:226,0
DA:259,0
DA:260,0
DA:261,0
DA:266,0
LF:64
LH:0
BRDA:52,0,0,0
BRDA:52,0,1,0
BRDA:54,1,0,0
BRDA:54,1,1,0
BRDA:59,2,0,0
BRDA:59,2,1,0
BRDA:71,3,0,0
BRDA:71,3,1,0
BRDA:72,4,0,0
BRDA:72,4,1,0
BRDA:100,5,0,0
BRDA:100,5,1,0
BRDA:114,6,0,0
BRDA:114,6,1,0
BRDA:131,7,0,0
BRDA:131,7,1,0
BRDA:161,8,0,0
BRDA:161,8,1,0
BRDA:165,9,0,0
BRDA:165,9,1,0
BRDA:199,10,0,0
BRDA:199,10,1,0
BRDA:200,11,0,0
BRDA:200,11,1,0
BRDA:231,12,0,0
BRDA:231,12,1,0
BRDA:239,13,0,0
BRDA:239,13,1,0
BRDA:260,14,0,0
BRDA:260,14,1,0
BRDA:276,15,0,0
BRDA:276,15,1,0
BRF:32
BRH:0
end_of_record
TN:
SF:src/pages/dashboard/components/list-order/ListOrderTable.js
FN:9,(anonymous_0)
FN:16,(anonymous_1)
FN:32,(anonymous_2)
FN:39,(anonymous_3)
FN:54,(anonymous_4)
FN:61,(anonymous_5)
FN:89,(anonymous_6)
FN:90,(anonymous_7)
FN:100,(anonymous_8)
FN:109,(anonymous_9)
FN:116,(anonymous_10)
FN:143,(anonymous_11)
FN:193,(anonymous_12)
FN:194,(anonymous_13)
FN:195,(anonymous_14)
FNF:15
FNH:0
FNDA:0,(anonymous_0)
FNDA:0,(anonymous_1)
FNDA:0,(anonymous_2)
FNDA:0,(anonymous_3)
FNDA:0,(anonymous_4)
FNDA:0,(anonymous_5)
FNDA:0,(anonymous_6)
FNDA:0,(anonymous_7)
FNDA:0,(anonymous_8)
FNDA:0,(anonymous_9)
FNDA:0,(anonymous_10)
FNDA:0,(anonymous_11)
FNDA:0,(anonymous_12)
FNDA:0,(anonymous_13)
FNDA:0,(anonymous_14)
DA:9,0
DA:10,0
DA:12,0
DA:13,0
DA:15,0
DA:16,0
DA:33,0
DA:40,0
DA:55,0
DA:62,0
DA:80,0
DA:81,0
DA:83,0
DA:85,0
DA:86,0
DA:87,0
DA:89,0
DA:91,0
DA:97,0
DA:101,0
DA:106,0
DA:110,0
DA:111,0
DA:115,0
DA:117,0
DA:118,0
DA:119,0
DA:124,0
DA:125,0
DA:134,0
DA:135,0
DA:137,0
DA:140,0
DA:141,0
DA:143,0
DA:146,0
DA:153,0
DA:155,0
DA:158,0
DA:159,0
DA:160,0
DA:164,0
DA:165,0
DA:166,0
DA:168,0
DA:170,0
DA:171,0
DA:176,0
DA:192,0
LF:49
LH:0
BRDA:124,0,0,0
BRDA:124,0,1,0
BRDA:124,1,0,0
BRDA:124,1,1,0
BRDA:135,2,0,0
BRDA:135,2,1,0
BRDA:140,3,0,0
BRDA:140,3,1,0
BRF:8
BRH:0
end_of_record
TN:
SF:src/pages/order/OrderDetailPage.js
FN:13,OrderDetailPage
FN:16,(anonymous_1)
FN:21,(anonymous_2)
FN:33,(anonymous_3)
FN:38,(anonymous_4)
FN:46,(anonymous_5)
FN:54,(anonymous_6)
FN:62,(anonymous_7)
FN:70,(anonymous_8)
FN:78,(anonymous_9)
FNF:10
FNH:0
FNDA:0,OrderDetailPage
FNDA:0,(anonymous_1)
FNDA:0,(anonymous_2)
FNDA:0,(anonymous_3)
FNDA:0,(anonymous_4)
FNDA:0,(anonymous_5)
FNDA:0,(anonymous_6)
FNDA:0,(anonymous_7)
FNDA:0,(anonymous_8)
FNDA:0,(anonymous_9)
DA:14,0
DA:16,0
DA:17,0
DA:19,0
DA:21,0
DA:22,0
DA:24,0
DA:25,0
DA:27,0
DA:32,0
DA:33,0
DA:34,0
DA:38,0
DA:39,0
DA:47,0
DA:48,0
DA:50,0
DA:55,0
DA:62,0
DA:63,0
DA:71,0
DA:72,0
DA:74,0
DA:79,0
DA:84,0
LF:25
LH:0
BRDA:47,0,0,0
BRDA:47,0,1,0
BRDA:71,1,0,0
BRDA:71,1,1,0
BRDA:93,2,0,0
BRDA:93,2,1,0
BRDA:98,3,0,0
BRDA:98,3,1,0
BRDA:114,4,0,0
BRDA:114,4,1,0
BRDA:141,5,0,0
BRDA:141,5,1,0
BRDA:141,6,0,0
BRDA:141,6,1,0
BRDA:142,7,0,0
BRDA:142,7,1,0
BRDA:142,8,0,0
BRDA:142,8,1,0
BRDA:166,9,0,0
BRDA:166,9,1,0
BRDA:166,9,2,0
BRDA:170,10,0,0
BRDA:170,10,1,0
BRDA:170,10,2,0
BRDA:174,11,0,0
BRDA:174,11,1,0
BRDA:174,11,2,0
BRF:27
BRH:0
end_of_record
TN:
SF:src/pages/order/OrderPage.js
FN:5,OrderPage
FNF:1
FNH:0
FNDA:0,OrderPage
DA:6,0
LF:1
LH:0
BRF:0
BRH:0
end_of_record
TN:
SF:src/pages/order/components/IndexPayment.js
FN:12,IndexPayment
FN:26,(anonymous_1)
FN:30,(anonymous_2)
FN:38,(anonymous_3)
FN:46,(anonymous_4)
FN:54,(anonymous_5)
FN:62,(anonymous_6)
FN:70,(anonymous_7)
FNF:8
FNH:0
FNDA:0,IndexPayment
FNDA:0,(anonymous_1)
FNDA:0,(anonymous_2)
FNDA:0,(anonymous_3)
FNDA:0,(anonymous_4)
FNDA:0,(anonymous_5)
FNDA:0,(anonymous_6)
FNDA:0,(anonymous_7)
DA:13,0
DA:14,0
DA:15,0
DA:16,0
DA:17,0
DA:20,0
DA:26,0
DA:27,0
DA:30,0
DA:31,0
DA:39,0
DA:40,0
DA:42,0
DA:47,0
DA:54,0
DA:55,0
DA:63,0
DA:64,0
DA:66,0
DA:71,0
DA:78,0
LF:21
LH:0
BRDA:39,0,0,0
BRDA:39,0,1,0
BRDA:63,1,0,0
BRDA:63,1,1,0
BRF:4
BRH:0
end_of_record
TN:
SF:src/pages/order/components/payment-status/AllpaymentStatus.js
FN:13,AllpaymentStatus
FN:22,(anonymous_1)
FN:26,(anonymous_2)
FN:39,(anonymous_3)
FN:100,(anonymous_4)
FN:120,(anonymous_5)
FNF:6
FNH:0
FNDA:0,AllpaymentStatus
FNDA:0,(anonymous_1)
FNDA:0,(anonymous_2)
FNDA:0,(anonymous_3)
FNDA:0,(anonymous_4)
FNDA:0,(anonymous_5)
DA:10,0
DA:15,0
DA:16,0
DA:17,0
DA:18,0
DA:19,0
DA:20,0
DA:22,0
DA:23,0
DA:26,0
DA:27,0
DA:30,0
DA:37,0
DA:40,0
DA:101,0
DA:102,0
DA:121,0
DA:122,0
LF:18
LH:0
BRDA:42,0,0,0
BRDA:42,0,1,0
BRDA:42,1,0,0
BRDA:42,1,1,0
BRDA:43,2,0,0
BRDA:43,2,1,0
BRDA:43,3,0,0
BRDA:43,3,1,0
BRDA:48,4,0,0
BRDA:48,4,1,0
BRDA:48,5,0,0
BRDA:48,5,1,0
BRDA:96,6,0,0
BRDA:96,6,1,0
BRDA:96,6,2,0
BRDA:113,7,0,0
BRDA:113,7,1,0
BRDA:113,7,2,0
BRDA:130,8,0,0
BRDA:130,8,1,0
BRDA:130,8,2,0
BRF:21
BRH:0
end_of_record
TN:
SF:src/pages/order/components/payment-status/CompletedPaymentStatus.js
FN:15,CompletedPaymentStatus
FN:24,(anonymous_1)
FN:28,(anonymous_2)
FN:41,(anonymous_3)
FNF:4
FNH:0
FNDA:0,CompletedPaymentStatus
FNDA:0,(anonymous_1)
FNDA:0,(anonymous_2)
FNDA:0,(anonymous_3)
DA:12,0
DA:17,0
DA:18,0
DA:19,0
DA:20,0
DA:21,0
DA:22,0
DA:24,0
DA:25,0
DA:28,0
DA:29,0
DA:32,0
DA:39,0
DA:42,0
LF:14
LH:0
BRDA:44,0,0,0
BRDA:44,0,1,0
BRDA:44,1,0,0
BRDA:44,1,1,0
BRDA:45,2,0,0
BRDA:45,2,1,0
BRDA:45,3,0,0
BRDA:45,3,1,0
BRDA:50,4,0,0
BRDA:50,4,1,0
BRDA:50,5,0,0
BRDA:50,5,1,0
BRF:12
BRH:0
end_of_record
TN:
SF:src/pages/order/components/payment-status/OnProcessPaymentStatus.js
FN:13,OnProcessPaymentStatus
FN:22,(anonymous_1)
FN:26,(anonymous_2)
FN:38,(anonymous_3)
FN:96,(anonymous_4)
FNF:5
FNH:0
FNDA:0,OnProcessPaymentStatus
FNDA:0,(anonymous_1)
FNDA:0,(anonymous_2)
FNDA:0,(anonymous_3)
FNDA:0,(anonymous_4)
DA:10,0
DA:15,0
DA:16,0
DA:17,0
DA:18,0
DA:19,0
DA:20,0
DA:22,0
DA:23,0
DA:26,0
DA:27,0
DA:30,0
DA:36,0
DA:39,0
DA:97,0
DA:98,0
LF:16
LH:0
BRDA:41,0,0,0
BRDA:41,0,1,0
BRDA:41,1,0,0
BRDA:41,1,1,0
BRDA:42,2,0,0
BRDA:42,2,1,0
BRDA:42,3,0,0
BRDA:42,3,1,0
BRDA:47,4,0,0
BRDA:47,4,1,0
BRDA:47,5,0,0
BRDA:47,5,1,0
BRF:12
BRH:0
end_of_record
TN:
SF:src/pages/order/components/payment-status/PendingPaymentStatus.js
FN:13,PendingPaymentStatus
FN:22,(anonymous_1)
FN:26,(anonymous_2)
FN:39,(anonymous_3)
FN:100,(anonymous_4)
FNF:5
FNH:0
FNDA:0,PendingPaymentStatus
FNDA:0,(anonymous_1)
FNDA:0,(anonymous_2)
FNDA:0,(anonymous_3)
FNDA:0,(anonymous_4)
DA:10,0
DA:15,0
DA:16,0
DA:17,0
DA:18,0
DA:19,0
DA:20,0
DA:22,0
DA:23,0
DA:26,0
DA:27,0
DA:30,0
DA:37,0
DA:40,0
DA:101,0
DA:102,0
LF:16
LH:0
BRDA:42,0,0,0
BRDA:42,0,1,0
BRDA:42,1,0,0
BRDA:42,1,1,0
BRDA:43,2,0,0
BRDA:43,2,1,0
BRDA:43,3,0,0
BRDA:43,3,1,0
BRDA:48,4,0,0
BRDA:48,4,1,0
BRDA:48,5,0,0
BRDA:48,5,1,0
BRDA:95,6,0,0
BRDA:95,6,1,0
BRDA:95,6,2,0
BRF:15
BRH:0
end_of_record
TN:
SF:src/routes/index.routes.js
FN:12,IndexRoutes
FNF:1
FNH:0
FNDA:0,IndexRoutes
DA:14,0
LF:1
LH:0
BRF:0
BRH:0
end_of_record
TN:
SF:src/utils/PrivateRoutesAdmin.js
FN:6,(anonymous_0)
FNF:1
FNH:0
FNDA:0,(anonymous_0)
DA:6,0
DA:7,0
DA:8,0
DA:9,0
DA:11,0
LF:5
LH:0
BRDA:8,0,0,0
BRDA:8,0,1,0
BRDA:8,1,0,0
BRDA:8,1,1,0
BRF:4
BRH:0
end_of_record
TN:
SF:src/utils/TokenValidation.js
FN:4,(anonymous_0)
FNF:1
FNH:0
FNDA:0,(anonymous_0)
DA:4,0
DA:5,0
DA:6,0
DA:11,0
DA:12,0
DA:13,0
DA:14,0
DA:16,0
DA:17,0
DA:18,0
DA:20,0
DA:23,0
DA:24,0
DA:27,0
DA:30,0
LF:15
LH:0
BRDA:12,0,0,0
BRDA:12,0,1,0
BRDA:16,1,0,0
BRDA:16,1,1,0
BRF:4
BRH:0
end_of_record
